The system is: Linux - 6.8.0-40-generic - x86_64
Compiling the C compiler identification source file "CMakeCCompilerId.c" succeeded.
Compiler: /usr/bin/cc 
Build flags: 
Id flags:  

The output was:
0


Compilation of the C compiler identification source "CMakeCCompilerId.c" produced "a.out"

The C compiler identification is GNU, found in "/home/deborah/Desktop/cppCodes/PhaseField/03PhaseFieldCpp/CMakeFiles/3.22.1/CompilerIdC/a.out"

Compiling the CXX compiler identification source file "CMakeCXXCompilerId.cpp" succeeded.
Compiler: /usr/bin/c++ 
Build flags: 
Id flags:  

The output was:
0


Compilation of the CXX compiler identification source "CMakeCXXCompilerId.cpp" produced "a.out"

The CXX compiler identification is GNU, found in "/home/deborah/Desktop/cppCodes/PhaseField/03PhaseFieldCpp/CMakeFiles/3.22.1/CompilerIdCXX/a.out"

Detecting C compiler ABI info compiled with the following output:
Change Dir: /home/deborah/Desktop/cppCodes/PhaseField/03PhaseFieldCpp/CMakeFiles/CMakeTmp

Run Build Command(s):/usr/bin/gmake -f Makefile cmTC_d310d/fast && /usr/bin/gmake  -f CMakeFiles/cmTC_d310d.dir/build.make CMakeFiles/cmTC_d310d.dir/build
gmake[1]: Entering directory '/home/deborah/Desktop/cppCodes/PhaseField/03PhaseFieldCpp/CMakeFiles/CMakeTmp'
Building C object CMakeFiles/cmTC_d310d.dir/CMakeCCompilerABI.c.o
/usr/bin/cc   -v -o CMakeFiles/cmTC_d310d.dir/CMakeCCompilerABI.c.o -c /usr/share/cmake-3.22/Modules/CMakeCCompilerABI.c
Using built-in specs.
COLLECT_GCC=/usr/bin/cc
OFFLOAD_TARGET_NAMES=nvptx-none:amdgcn-amdhsa
OFFLOAD_TARGET_DEFAULT=1
Target: x86_64-linux-gnu
Configured with: ../src/configure -v --with-pkgversion='Ubuntu 11.4.0-1ubuntu1~22.04' --with-bugurl=file:///usr/share/doc/gcc-11/README.Bugs --enable-languages=c,ada,c++,go,brig,d,fortran,objc,obj-c++,m2 --prefix=/usr --with-gcc-major-version-only --program-suffix=-11 --program-prefix=x86_64-linux-gnu- --enable-shared --enable-linker-build-id --libexecdir=/usr/lib --without-included-gettext --enable-threads=posix --libdir=/usr/lib --enable-nls --enable-bootstrap --enable-clocale=gnu --enable-libstdcxx-debug --enable-libstdcxx-time=yes --with-default-libstdcxx-abi=new --enable-gnu-unique-object --disable-vtable-verify --enable-plugin --enable-default-pie --with-system-zlib --enable-libphobos-checking=release --with-target-system-zlib=auto --enable-objc-gc=auto --enable-multiarch --disable-werror --enable-cet --with-arch-32=i686 --with-abi=m64 --with-multilib-list=m32,m64,mx32 --enable-multilib --with-tune=generic --enable-offload-targets=nvptx-none=/build/gcc-11-XeT9lY/gcc-11-11.4.0/debian/tmp-nvptx/usr,amdgcn-amdhsa=/build/gcc-11-XeT9lY/gcc-11-11.4.0/debian/tmp-gcn/usr --without-cuda-driver --enable-checking=release --build=x86_64-linux-gnu --host=x86_64-linux-gnu --target=x86_64-linux-gnu --with-build-config=bootstrap-lto-lean --enable-link-serialization=2
Thread model: posix
Supported LTO compression algorithms: zlib zstd
gcc version 11.4.0 (Ubuntu 11.4.0-1ubuntu1~22.04) 
COLLECT_GCC_OPTIONS='-v' '-o' 'CMakeFiles/cmTC_d310d.dir/CMakeCCompilerABI.c.o' '-c' '-mtune=generic' '-march=x86-64' '-dumpdir' 'CMakeFiles/cmTC_d310d.dir/'
 /usr/lib/gcc/x86_64-linux-gnu/11/cc1 -quiet -v -imultiarch x86_64-linux-gnu /usr/share/cmake-3.22/Modules/CMakeCCompilerABI.c -quiet -dumpdir CMakeFiles/cmTC_d310d.dir/ -dumpbase CMakeCCompilerABI.c.c -dumpbase-ext .c -mtune=generic -march=x86-64 -version -fasynchronous-unwind-tables -fstack-protector-strong -Wformat -Wformat-security -fstack-clash-protection -fcf-protection -o /tmp/ccWRoQ0i.s
GNU C17 (Ubuntu 11.4.0-1ubuntu1~22.04) version 11.4.0 (x86_64-linux-gnu)
	compiled by GNU C version 11.4.0, GMP version 6.2.1, MPFR version 4.1.0, MPC version 1.2.1, isl version isl-0.24-GMP

GGC heuristics: --param ggc-min-expand=100 --param ggc-min-heapsize=131072
ignoring nonexistent directory "/usr/local/include/x86_64-linux-gnu"
ignoring nonexistent directory "/usr/lib/gcc/x86_64-linux-gnu/11/include-fixed"
ignoring nonexistent directory "/usr/lib/gcc/x86_64-linux-gnu/11/../../../../x86_64-linux-gnu/include"
#include "..." search starts here:
#include <...> search starts here:
 /usr/lib/gcc/x86_64-linux-gnu/11/include
 /usr/local/include
 /usr/include/x86_64-linux-gnu
 /usr/include
End of search list.
GNU C17 (Ubuntu 11.4.0-1ubuntu1~22.04) version 11.4.0 (x86_64-linux-gnu)
	compiled by GNU C version 11.4.0, GMP version 6.2.1, MPFR version 4.1.0, MPC version 1.2.1, isl version isl-0.24-GMP

GGC heuristics: --param ggc-min-expand=100 --param ggc-min-heapsize=131072
Compiler executable checksum: 50eaa2331df977b8016186198deb2d18
COLLECT_GCC_OPTIONS='-v' '-o' 'CMakeFiles/cmTC_d310d.dir/CMakeCCompilerABI.c.o' '-c' '-mtune=generic' '-march=x86-64' '-dumpdir' 'CMakeFiles/cmTC_d310d.dir/'
 as -v --64 -o CMakeFiles/cmTC_d310d.dir/CMakeCCompilerABI.c.o /tmp/ccWRoQ0i.s
GNU assembler version 2.38 (x86_64-linux-gnu) using BFD version (GNU Binutils for Ubuntu) 2.38
COMPILER_PATH=/usr/lib/gcc/x86_64-linux-gnu/11/:/usr/lib/gcc/x86_64-linux-gnu/11/:/usr/lib/gcc/x86_64-linux-gnu/:/usr/lib/gcc/x86_64-linux-gnu/11/:/usr/lib/gcc/x86_64-linux-gnu/
LIBRARY_PATH=/usr/lib/gcc/x86_64-linux-gnu/11/:/usr/lib/gcc/x86_64-linux-gnu/11/../../../x86_64-linux-gnu/:/usr/lib/gcc/x86_64-linux-gnu/11/../../../../lib/:/lib/x86_64-linux-gnu/:/lib/../lib/:/usr/lib/x86_64-linux-gnu/:/usr/lib/../lib/:/usr/lib/gcc/x86_64-linux-gnu/11/../../../:/lib/:/usr/lib/
COLLECT_GCC_OPTIONS='-v' '-o' 'CMakeFiles/cmTC_d310d.dir/CMakeCCompilerABI.c.o' '-c' '-mtune=generic' '-march=x86-64' '-dumpdir' 'CMakeFiles/cmTC_d310d.dir/CMakeCCompilerABI.c.'
Linking C executable cmTC_d310d
/usr/bin/cmake -E cmake_link_script CMakeFiles/cmTC_d310d.dir/link.txt --verbose=1
/usr/bin/cc  -v CMakeFiles/cmTC_d310d.dir/CMakeCCompilerABI.c.o -o cmTC_d310d 
Using built-in specs.
COLLECT_GCC=/usr/bin/cc
COLLECT_LTO_WRAPPER=/usr/lib/gcc/x86_64-linux-gnu/11/lto-wrapper
OFFLOAD_TARGET_NAMES=nvptx-none:amdgcn-amdhsa
OFFLOAD_TARGET_DEFAULT=1
Target: x86_64-linux-gnu
Configured with: ../src/configure -v --with-pkgversion='Ubuntu 11.4.0-1ubuntu1~22.04' --with-bugurl=file:///usr/share/doc/gcc-11/README.Bugs --enable-languages=c,ada,c++,go,brig,d,fortran,objc,obj-c++,m2 --prefix=/usr --with-gcc-major-version-only --program-suffix=-11 --program-prefix=x86_64-linux-gnu- --enable-shared --enable-linker-build-id --libexecdir=/usr/lib --without-included-gettext --enable-threads=posix --libdir=/usr/lib --enable-nls --enable-bootstrap --enable-clocale=gnu --enable-libstdcxx-debug --enable-libstdcxx-time=yes --with-default-libstdcxx-abi=new --enable-gnu-unique-object --disable-vtable-verify --enable-plugin --enable-default-pie --with-system-zlib --enable-libphobos-checking=release --with-target-system-zlib=auto --enable-objc-gc=auto --enable-multiarch --disable-werror --enable-cet --with-arch-32=i686 --with-abi=m64 --with-multilib-list=m32,m64,mx32 --enable-multilib --with-tune=generic --enable-offload-targets=nvptx-none=/build/gcc-11-XeT9lY/gcc-11-11.4.0/debian/tmp-nvptx/usr,amdgcn-amdhsa=/build/gcc-11-XeT9lY/gcc-11-11.4.0/debian/tmp-gcn/usr --without-cuda-driver --enable-checking=release --build=x86_64-linux-gnu --host=x86_64-linux-gnu --target=x86_64-linux-gnu --with-build-config=bootstrap-lto-lean --enable-link-serialization=2
Thread model: posix
Supported LTO compression algorithms: zlib zstd
gcc version 11.4.0 (Ubuntu 11.4.0-1ubuntu1~22.04) 
COMPILER_PATH=/usr/lib/gcc/x86_64-linux-gnu/11/:/usr/lib/gcc/x86_64-linux-gnu/11/:/usr/lib/gcc/x86_64-linux-gnu/:/usr/lib/gcc/x86_64-linux-gnu/11/:/usr/lib/gcc/x86_64-linux-gnu/
LIBRARY_PATH=/usr/lib/gcc/x86_64-linux-gnu/11/:/usr/lib/gcc/x86_64-linux-gnu/11/../../../x86_64-linux-gnu/:/usr/lib/gcc/x86_64-linux-gnu/11/../../../../lib/:/lib/x86_64-linux-gnu/:/lib/../lib/:/usr/lib/x86_64-linux-gnu/:/usr/lib/../lib/:/usr/lib/gcc/x86_64-linux-gnu/11/../../../:/lib/:/usr/lib/
COLLECT_GCC_OPTIONS='-v' '-o' 'cmTC_d310d' '-mtune=generic' '-march=x86-64' '-dumpdir' 'cmTC_d310d.'
 /usr/lib/gcc/x86_64-linux-gnu/11/collect2 -plugin /usr/lib/gcc/x86_64-linux-gnu/11/liblto_plugin.so -plugin-opt=/usr/lib/gcc/x86_64-linux-gnu/11/lto-wrapper -plugin-opt=-fresolution=/tmp/ccVgOFov.res -plugin-opt=-pass-through=-lgcc -plugin-opt=-pass-through=-lgcc_s -plugin-opt=-pass-through=-lc -plugin-opt=-pass-through=-lgcc -plugin-opt=-pass-through=-lgcc_s --build-id --eh-frame-hdr -m elf_x86_64 --hash-style=gnu --as-needed -dynamic-linker /lib64/ld-linux-x86-64.so.2 -pie -z now -z relro -o cmTC_d310d /usr/lib/gcc/x86_64-linux-gnu/11/../../../x86_64-linux-gnu/Scrt1.o /usr/lib/gcc/x86_64-linux-gnu/11/../../../x86_64-linux-gnu/crti.o /usr/lib/gcc/x86_64-linux-gnu/11/crtbeginS.o -L/usr/lib/gcc/x86_64-linux-gnu/11 -L/usr/lib/gcc/x86_64-linux-gnu/11/../../../x86_64-linux-gnu -L/usr/lib/gcc/x86_64-linux-gnu/11/../../../../lib -L/lib/x86_64-linux-gnu -L/lib/../lib -L/usr/lib/x86_64-linux-gnu -L/usr/lib/../lib -L/usr/lib/gcc/x86_64-linux-gnu/11/../../.. CMakeFiles/cmTC_d310d.dir/CMakeCCompilerABI.c.o -lgcc --push-state --as-needed -lgcc_s --pop-state -lc -lgcc --push-state --as-needed -lgcc_s --pop-state /usr/lib/gcc/x86_64-linux-gnu/11/crtendS.o /usr/lib/gcc/x86_64-linux-gnu/11/../../../x86_64-linux-gnu/crtn.o
COLLECT_GCC_OPTIONS='-v' '-o' 'cmTC_d310d' '-mtune=generic' '-march=x86-64' '-dumpdir' 'cmTC_d310d.'
gmake[1]: Leaving directory '/home/deborah/Desktop/cppCodes/PhaseField/03PhaseFieldCpp/CMakeFiles/CMakeTmp'



Parsed C implicit include dir info from above output: rv=done
  found start of include info
  found start of implicit include info
    add: [/usr/lib/gcc/x86_64-linux-gnu/11/include]
    add: [/usr/local/include]
    add: [/usr/include/x86_64-linux-gnu]
    add: [/usr/include]
  end of search list found
  collapse include dir [/usr/lib/gcc/x86_64-linux-gnu/11/include] ==> [/usr/lib/gcc/x86_64-linux-gnu/11/include]
  collapse include dir [/usr/local/include] ==> [/usr/local/include]
  collapse include dir [/usr/include/x86_64-linux-gnu] ==> [/usr/include/x86_64-linux-gnu]
  collapse include dir [/usr/include] ==> [/usr/include]
  implicit include dirs: [/usr/lib/gcc/x86_64-linux-gnu/11/include;/usr/local/include;/usr/include/x86_64-linux-gnu;/usr/include]


Parsed C implicit link information from above output:
  link line regex: [^( *|.*[/\])(ld|CMAKE_LINK_STARTFILE-NOTFOUND|([^/\]+-)?ld|collect2)[^/\]*( |$)]
  ignore line: [Change Dir: /home/deborah/Desktop/cppCodes/PhaseField/03PhaseFieldCpp/CMakeFiles/CMakeTmp]
  ignore line: []
  ignore line: [Run Build Command(s):/usr/bin/gmake -f Makefile cmTC_d310d/fast && /usr/bin/gmake  -f CMakeFiles/cmTC_d310d.dir/build.make CMakeFiles/cmTC_d310d.dir/build]
  ignore line: [gmake[1]: Entering directory '/home/deborah/Desktop/cppCodes/PhaseField/03PhaseFieldCpp/CMakeFiles/CMakeTmp']
  ignore line: [Building C object CMakeFiles/cmTC_d310d.dir/CMakeCCompilerABI.c.o]
  ignore line: [/usr/bin/cc   -v -o CMakeFiles/cmTC_d310d.dir/CMakeCCompilerABI.c.o -c /usr/share/cmake-3.22/Modules/CMakeCCompilerABI.c]
  ignore line: [Using built-in specs.]
  ignore line: [COLLECT_GCC=/usr/bin/cc]
  ignore line: [OFFLOAD_TARGET_NAMES=nvptx-none:amdgcn-amdhsa]
  ignore line: [OFFLOAD_TARGET_DEFAULT=1]
  ignore line: [Target: x86_64-linux-gnu]
  ignore line: [Configured with: ../src/configure -v --with-pkgversion='Ubuntu 11.4.0-1ubuntu1~22.04' --with-bugurl=file:///usr/share/doc/gcc-11/README.Bugs --enable-languages=c ada c++ go brig d fortran objc obj-c++ m2 --prefix=/usr --with-gcc-major-version-only --program-suffix=-11 --program-prefix=x86_64-linux-gnu- --enable-shared --enable-linker-build-id --libexecdir=/usr/lib --without-included-gettext --enable-threads=posix --libdir=/usr/lib --enable-nls --enable-bootstrap --enable-clocale=gnu --enable-libstdcxx-debug --enable-libstdcxx-time=yes --with-default-libstdcxx-abi=new --enable-gnu-unique-object --disable-vtable-verify --enable-plugin --enable-default-pie --with-system-zlib --enable-libphobos-checking=release --with-target-system-zlib=auto --enable-objc-gc=auto --enable-multiarch --disable-werror --enable-cet --with-arch-32=i686 --with-abi=m64 --with-multilib-list=m32 m64 mx32 --enable-multilib --with-tune=generic --enable-offload-targets=nvptx-none=/build/gcc-11-XeT9lY/gcc-11-11.4.0/debian/tmp-nvptx/usr amdgcn-amdhsa=/build/gcc-11-XeT9lY/gcc-11-11.4.0/debian/tmp-gcn/usr --without-cuda-driver --enable-checking=release --build=x86_64-linux-gnu --host=x86_64-linux-gnu --target=x86_64-linux-gnu --with-build-config=bootstrap-lto-lean --enable-link-serialization=2]
  ignore line: [Thread model: posix]
  ignore line: [Supported LTO compression algorithms: zlib zstd]
  ignore line: [gcc version 11.4.0 (Ubuntu 11.4.0-1ubuntu1~22.04) ]
  ignore line: [COLLECT_GCC_OPTIONS='-v' '-o' 'CMakeFiles/cmTC_d310d.dir/CMakeCCompilerABI.c.o' '-c' '-mtune=generic' '-march=x86-64' '-dumpdir' 'CMakeFiles/cmTC_d310d.dir/']
  ignore line: [ /usr/lib/gcc/x86_64-linux-gnu/11/cc1 -quiet -v -imultiarch x86_64-linux-gnu /usr/share/cmake-3.22/Modules/CMakeCCompilerABI.c -quiet -dumpdir CMakeFiles/cmTC_d310d.dir/ -dumpbase CMakeCCompilerABI.c.c -dumpbase-ext .c -mtune=generic -march=x86-64 -version -fasynchronous-unwind-tables -fstack-protector-strong -Wformat -Wformat-security -fstack-clash-protection -fcf-protection -o /tmp/ccWRoQ0i.s]
  ignore line: [GNU C17 (Ubuntu 11.4.0-1ubuntu1~22.04) version 11.4.0 (x86_64-linux-gnu)]
  ignore line: [	compiled by GNU C version 11.4.0  GMP version 6.2.1  MPFR version 4.1.0  MPC version 1.2.1  isl version isl-0.24-GMP]
  ignore line: []
  ignore line: [GGC heuristics: --param ggc-min-expand=100 --param ggc-min-heapsize=131072]
  ignore line: [ignoring nonexistent directory "/usr/local/include/x86_64-linux-gnu"]
  ignore line: [ignoring nonexistent directory "/usr/lib/gcc/x86_64-linux-gnu/11/include-fixed"]
  ignore line: [ignoring nonexistent directory "/usr/lib/gcc/x86_64-linux-gnu/11/../../../../x86_64-linux-gnu/include"]
  ignore line: [#include "..." search starts here:]
  ignore line: [#include <...> search starts here:]
  ignore line: [ /usr/lib/gcc/x86_64-linux-gnu/11/include]
  ignore line: [ /usr/local/include]
  ignore line: [ /usr/include/x86_64-linux-gnu]
  ignore line: [ /usr/include]
  ignore line: [End of search list.]
  ignore line: [GNU C17 (Ubuntu 11.4.0-1ubuntu1~22.04) version 11.4.0 (x86_64-linux-gnu)]
  ignore line: [	compiled by GNU C version 11.4.0  GMP version 6.2.1  MPFR version 4.1.0  MPC version 1.2.1  isl version isl-0.24-GMP]
  ignore line: []
  ignore line: [GGC heuristics: --param ggc-min-expand=100 --param ggc-min-heapsize=131072]
  ignore line: [Compiler executable checksum: 50eaa2331df977b8016186198deb2d18]
  ignore line: [COLLECT_GCC_OPTIONS='-v' '-o' 'CMakeFiles/cmTC_d310d.dir/CMakeCCompilerABI.c.o' '-c' '-mtune=generic' '-march=x86-64' '-dumpdir' 'CMakeFiles/cmTC_d310d.dir/']
  ignore line: [ as -v --64 -o CMakeFiles/cmTC_d310d.dir/CMakeCCompilerABI.c.o /tmp/ccWRoQ0i.s]
  ignore line: [GNU assembler version 2.38 (x86_64-linux-gnu) using BFD version (GNU Binutils for Ubuntu) 2.38]
  ignore line: [COMPILER_PATH=/usr/lib/gcc/x86_64-linux-gnu/11/:/usr/lib/gcc/x86_64-linux-gnu/11/:/usr/lib/gcc/x86_64-linux-gnu/:/usr/lib/gcc/x86_64-linux-gnu/11/:/usr/lib/gcc/x86_64-linux-gnu/]
  ignore line: [LIBRARY_PATH=/usr/lib/gcc/x86_64-linux-gnu/11/:/usr/lib/gcc/x86_64-linux-gnu/11/../../../x86_64-linux-gnu/:/usr/lib/gcc/x86_64-linux-gnu/11/../../../../lib/:/lib/x86_64-linux-gnu/:/lib/../lib/:/usr/lib/x86_64-linux-gnu/:/usr/lib/../lib/:/usr/lib/gcc/x86_64-linux-gnu/11/../../../:/lib/:/usr/lib/]
  ignore line: [COLLECT_GCC_OPTIONS='-v' '-o' 'CMakeFiles/cmTC_d310d.dir/CMakeCCompilerABI.c.o' '-c' '-mtune=generic' '-march=x86-64' '-dumpdir' 'CMakeFiles/cmTC_d310d.dir/CMakeCCompilerABI.c.']
  ignore line: [Linking C executable cmTC_d310d]
  ignore line: [/usr/bin/cmake -E cmake_link_script CMakeFiles/cmTC_d310d.dir/link.txt --verbose=1]
  ignore line: [/usr/bin/cc  -v CMakeFiles/cmTC_d310d.dir/CMakeCCompilerABI.c.o -o cmTC_d310d ]
  ignore line: [Using built-in specs.]
  ignore line: [COLLECT_GCC=/usr/bin/cc]
  ignore line: [COLLECT_LTO_WRAPPER=/usr/lib/gcc/x86_64-linux-gnu/11/lto-wrapper]
  ignore line: [OFFLOAD_TARGET_NAMES=nvptx-none:amdgcn-amdhsa]
  ignore line: [OFFLOAD_TARGET_DEFAULT=1]
  ignore line: [Target: x86_64-linux-gnu]
  ignore line: [Configured with: ../src/configure -v --with-pkgversion='Ubuntu 11.4.0-1ubuntu1~22.04' --with-bugurl=file:///usr/share/doc/gcc-11/README.Bugs --enable-languages=c ada c++ go brig d fortran objc obj-c++ m2 --prefix=/usr --with-gcc-major-version-only --program-suffix=-11 --program-prefix=x86_64-linux-gnu- --enable-shared --enable-linker-build-id --libexecdir=/usr/lib --without-included-gettext --enable-threads=posix --libdir=/usr/lib --enable-nls --enable-bootstrap --enable-clocale=gnu --enable-libstdcxx-debug --enable-libstdcxx-time=yes --with-default-libstdcxx-abi=new --enable-gnu-unique-object --disable-vtable-verify --enable-plugin --enable-default-pie --with-system-zlib --enable-libphobos-checking=release --with-target-system-zlib=auto --enable-objc-gc=auto --enable-multiarch --disable-werror --enable-cet --with-arch-32=i686 --with-abi=m64 --with-multilib-list=m32 m64 mx32 --enable-multilib --with-tune=generic --enable-offload-targets=nvptx-none=/build/gcc-11-XeT9lY/gcc-11-11.4.0/debian/tmp-nvptx/usr amdgcn-amdhsa=/build/gcc-11-XeT9lY/gcc-11-11.4.0/debian/tmp-gcn/usr --without-cuda-driver --enable-checking=release --build=x86_64-linux-gnu --host=x86_64-linux-gnu --target=x86_64-linux-gnu --with-build-config=bootstrap-lto-lean --enable-link-serialization=2]
  ignore line: [Thread model: posix]
  ignore line: [Supported LTO compression algorithms: zlib zstd]
  ignore line: [gcc version 11.4.0 (Ubuntu 11.4.0-1ubuntu1~22.04) ]
  ignore line: [COMPILER_PATH=/usr/lib/gcc/x86_64-linux-gnu/11/:/usr/lib/gcc/x86_64-linux-gnu/11/:/usr/lib/gcc/x86_64-linux-gnu/:/usr/lib/gcc/x86_64-linux-gnu/11/:/usr/lib/gcc/x86_64-linux-gnu/]
  ignore line: [LIBRARY_PATH=/usr/lib/gcc/x86_64-linux-gnu/11/:/usr/lib/gcc/x86_64-linux-gnu/11/../../../x86_64-linux-gnu/:/usr/lib/gcc/x86_64-linux-gnu/11/../../../../lib/:/lib/x86_64-linux-gnu/:/lib/../lib/:/usr/lib/x86_64-linux-gnu/:/usr/lib/../lib/:/usr/lib/gcc/x86_64-linux-gnu/11/../../../:/lib/:/usr/lib/]
  ignore line: [COLLECT_GCC_OPTIONS='-v' '-o' 'cmTC_d310d' '-mtune=generic' '-march=x86-64' '-dumpdir' 'cmTC_d310d.']
  link line: [ /usr/lib/gcc/x86_64-linux-gnu/11/collect2 -plugin /usr/lib/gcc/x86_64-linux-gnu/11/liblto_plugin.so -plugin-opt=/usr/lib/gcc/x86_64-linux-gnu/11/lto-wrapper -plugin-opt=-fresolution=/tmp/ccVgOFov.res -plugin-opt=-pass-through=-lgcc -plugin-opt=-pass-through=-lgcc_s -plugin-opt=-pass-through=-lc -plugin-opt=-pass-through=-lgcc -plugin-opt=-pass-through=-lgcc_s --build-id --eh-frame-hdr -m elf_x86_64 --hash-style=gnu --as-needed -dynamic-linker /lib64/ld-linux-x86-64.so.2 -pie -z now -z relro -o cmTC_d310d /usr/lib/gcc/x86_64-linux-gnu/11/../../../x86_64-linux-gnu/Scrt1.o /usr/lib/gcc/x86_64-linux-gnu/11/../../../x86_64-linux-gnu/crti.o /usr/lib/gcc/x86_64-linux-gnu/11/crtbeginS.o -L/usr/lib/gcc/x86_64-linux-gnu/11 -L/usr/lib/gcc/x86_64-linux-gnu/11/../../../x86_64-linux-gnu -L/usr/lib/gcc/x86_64-linux-gnu/11/../../../../lib -L/lib/x86_64-linux-gnu -L/lib/../lib -L/usr/lib/x86_64-linux-gnu -L/usr/lib/../lib -L/usr/lib/gcc/x86_64-linux-gnu/11/../../.. CMakeFiles/cmTC_d310d.dir/CMakeCCompilerABI.c.o -lgcc --push-state --as-needed -lgcc_s --pop-state -lc -lgcc --push-state --as-needed -lgcc_s --pop-state /usr/lib/gcc/x86_64-linux-gnu/11/crtendS.o /usr/lib/gcc/x86_64-linux-gnu/11/../../../x86_64-linux-gnu/crtn.o]
    arg [/usr/lib/gcc/x86_64-linux-gnu/11/collect2] ==> ignore
    arg [-plugin] ==> ignore
    arg [/usr/lib/gcc/x86_64-linux-gnu/11/liblto_plugin.so] ==> ignore
    arg [-plugin-opt=/usr/lib/gcc/x86_64-linux-gnu/11/lto-wrapper] ==> ignore
    arg [-plugin-opt=-fresolution=/tmp/ccVgOFov.res] ==> ignore
    arg [-plugin-opt=-pass-through=-lgcc] ==> ignore
    arg [-plugin-opt=-pass-through=-lgcc_s] ==> ignore
    arg [-plugin-opt=-pass-through=-lc] ==> ignore
    arg [-plugin-opt=-pass-through=-lgcc] ==> ignore
    arg [-plugin-opt=-pass-through=-lgcc_s] ==> ignore
    arg [--build-id] ==> ignore
    arg [--eh-frame-hdr] ==> ignore
    arg [-m] ==> ignore
    arg [elf_x86_64] ==> ignore
    arg [--hash-style=gnu] ==> ignore
    arg [--as-needed] ==> ignore
    arg [-dynamic-linker] ==> ignore
    arg [/lib64/ld-linux-x86-64.so.2] ==> ignore
    arg [-pie] ==> ignore
    arg [-znow] ==> ignore
    arg [-zrelro] ==> ignore
    arg [-o] ==> ignore
    arg [cmTC_d310d] ==> ignore
    arg [/usr/lib/gcc/x86_64-linux-gnu/11/../../../x86_64-linux-gnu/Scrt1.o] ==> obj [/usr/lib/gcc/x86_64-linux-gnu/11/../../../x86_64-linux-gnu/Scrt1.o]
    arg [/usr/lib/gcc/x86_64-linux-gnu/11/../../../x86_64-linux-gnu/crti.o] ==> obj [/usr/lib/gcc/x86_64-linux-gnu/11/../../../x86_64-linux-gnu/crti.o]
    arg [/usr/lib/gcc/x86_64-linux-gnu/11/crtbeginS.o] ==> obj [/usr/lib/gcc/x86_64-linux-gnu/11/crtbeginS.o]
    arg [-L/usr/lib/gcc/x86_64-linux-gnu/11] ==> dir [/usr/lib/gcc/x86_64-linux-gnu/11]
    arg [-L/usr/lib/gcc/x86_64-linux-gnu/11/../../../x86_64-linux-gnu] ==> dir [/usr/lib/gcc/x86_64-linux-gnu/11/../../../x86_64-linux-gnu]
    arg [-L/usr/lib/gcc/x86_64-linux-gnu/11/../../../../lib] ==> dir [/usr/lib/gcc/x86_64-linux-gnu/11/../../../../lib]
    arg [-L/lib/x86_64-linux-gnu] ==> dir [/lib/x86_64-linux-gnu]
    arg [-L/lib/../lib] ==> dir [/lib/../lib]
    arg [-L/usr/lib/x86_64-linux-gnu] ==> dir [/usr/lib/x86_64-linux-gnu]
    arg [-L/usr/lib/../lib] ==> dir [/usr/lib/../lib]
    arg [-L/usr/lib/gcc/x86_64-linux-gnu/11/../../..] ==> dir [/usr/lib/gcc/x86_64-linux-gnu/11/../../..]
    arg [CMakeFiles/cmTC_d310d.dir/CMakeCCompilerABI.c.o] ==> ignore
    arg [-lgcc] ==> lib [gcc]
    arg [--push-state] ==> ignore
    arg [--as-needed] ==> ignore
    arg [-lgcc_s] ==> lib [gcc_s]
    arg [--pop-state] ==> ignore
    arg [-lc] ==> lib [c]
    arg [-lgcc] ==> lib [gcc]
    arg [--push-state] ==> ignore
    arg [--as-needed] ==> ignore
    arg [-lgcc_s] ==> lib [gcc_s]
    arg [--pop-state] ==> ignore
    arg [/usr/lib/gcc/x86_64-linux-gnu/11/crtendS.o] ==> obj [/usr/lib/gcc/x86_64-linux-gnu/11/crtendS.o]
    arg [/usr/lib/gcc/x86_64-linux-gnu/11/../../../x86_64-linux-gnu/crtn.o] ==> obj [/usr/lib/gcc/x86_64-linux-gnu/11/../../../x86_64-linux-gnu/crtn.o]
  collapse obj [/usr/lib/gcc/x86_64-linux-gnu/11/../../../x86_64-linux-gnu/Scrt1.o] ==> [/usr/lib/x86_64-linux-gnu/Scrt1.o]
  collapse obj [/usr/lib/gcc/x86_64-linux-gnu/11/../../../x86_64-linux-gnu/crti.o] ==> [/usr/lib/x86_64-linux-gnu/crti.o]
  collapse obj [/usr/lib/gcc/x86_64-linux-gnu/11/../../../x86_64-linux-gnu/crtn.o] ==> [/usr/lib/x86_64-linux-gnu/crtn.o]
  collapse library dir [/usr/lib/gcc/x86_64-linux-gnu/11] ==> [/usr/lib/gcc/x86_64-linux-gnu/11]
  collapse library dir [/usr/lib/gcc/x86_64-linux-gnu/11/../../../x86_64-linux-gnu] ==> [/usr/lib/x86_64-linux-gnu]
  collapse library dir [/usr/lib/gcc/x86_64-linux-gnu/11/../../../../lib] ==> [/usr/lib]
  collapse library dir [/lib/x86_64-linux-gnu] ==> [/lib/x86_64-linux-gnu]
  collapse library dir [/lib/../lib] ==> [/lib]
  collapse library dir [/usr/lib/x86_64-linux-gnu] ==> [/usr/lib/x86_64-linux-gnu]
  collapse library dir [/usr/lib/../lib] ==> [/usr/lib]
  collapse library dir [/usr/lib/gcc/x86_64-linux-gnu/11/../../..] ==> [/usr/lib]
  implicit libs: [gcc;gcc_s;c;gcc;gcc_s]
  implicit objs: [/usr/lib/x86_64-linux-gnu/Scrt1.o;/usr/lib/x86_64-linux-gnu/crti.o;/usr/lib/gcc/x86_64-linux-gnu/11/crtbeginS.o;/usr/lib/gcc/x86_64-linux-gnu/11/crtendS.o;/usr/lib/x86_64-linux-gnu/crtn.o]
  implicit dirs: [/usr/lib/gcc/x86_64-linux-gnu/11;/usr/lib/x86_64-linux-gnu;/usr/lib;/lib/x86_64-linux-gnu;/lib]
  implicit fwks: []


Detecting CXX compiler ABI info compiled with the following output:
Change Dir: /home/deborah/Desktop/cppCodes/PhaseField/03PhaseFieldCpp/CMakeFiles/CMakeTmp

Run Build Command(s):/usr/bin/gmake -f Makefile cmTC_00129/fast && /usr/bin/gmake  -f CMakeFiles/cmTC_00129.dir/build.make CMakeFiles/cmTC_00129.dir/build
gmake[1]: Entering directory '/home/deborah/Desktop/cppCodes/PhaseField/03PhaseFieldCpp/CMakeFiles/CMakeTmp'
Building CXX object CMakeFiles/cmTC_00129.dir/CMakeCXXCompilerABI.cpp.o
/usr/bin/c++   -v -o CMakeFiles/cmTC_00129.dir/CMakeCXXCompilerABI.cpp.o -c /usr/share/cmake-3.22/Modules/CMakeCXXCompilerABI.cpp
Using built-in specs.
COLLECT_GCC=/usr/bin/c++
OFFLOAD_TARGET_NAMES=nvptx-none:amdgcn-amdhsa
OFFLOAD_TARGET_DEFAULT=1
Target: x86_64-linux-gnu
Configured with: ../src/configure -v --with-pkgversion='Ubuntu 11.4.0-1ubuntu1~22.04' --with-bugurl=file:///usr/share/doc/gcc-11/README.Bugs --enable-languages=c,ada,c++,go,brig,d,fortran,objc,obj-c++,m2 --prefix=/usr --with-gcc-major-version-only --program-suffix=-11 --program-prefix=x86_64-linux-gnu- --enable-shared --enable-linker-build-id --libexecdir=/usr/lib --without-included-gettext --enable-threads=posix --libdir=/usr/lib --enable-nls --enable-bootstrap --enable-clocale=gnu --enable-libstdcxx-debug --enable-libstdcxx-time=yes --with-default-libstdcxx-abi=new --enable-gnu-unique-object --disable-vtable-verify --enable-plugin --enable-default-pie --with-system-zlib --enable-libphobos-checking=release --with-target-system-zlib=auto --enable-objc-gc=auto --enable-multiarch --disable-werror --enable-cet --with-arch-32=i686 --with-abi=m64 --with-multilib-list=m32,m64,mx32 --enable-multilib --with-tune=generic --enable-offload-targets=nvptx-none=/build/gcc-11-XeT9lY/gcc-11-11.4.0/debian/tmp-nvptx/usr,amdgcn-amdhsa=/build/gcc-11-XeT9lY/gcc-11-11.4.0/debian/tmp-gcn/usr --without-cuda-driver --enable-checking=release --build=x86_64-linux-gnu --host=x86_64-linux-gnu --target=x86_64-linux-gnu --with-build-config=bootstrap-lto-lean --enable-link-serialization=2
Thread model: posix
Supported LTO compression algorithms: zlib zstd
gcc version 11.4.0 (Ubuntu 11.4.0-1ubuntu1~22.04) 
COLLECT_GCC_OPTIONS='-v' '-o' 'CMakeFiles/cmTC_00129.dir/CMakeCXXCompilerABI.cpp.o' '-c' '-shared-libgcc' '-mtune=generic' '-march=x86-64' '-dumpdir' 'CMakeFiles/cmTC_00129.dir/'
 /usr/lib/gcc/x86_64-linux-gnu/11/cc1plus -quiet -v -imultiarch x86_64-linux-gnu -D_GNU_SOURCE /usr/share/cmake-3.22/Modules/CMakeCXXCompilerABI.cpp -quiet -dumpdir CMakeFiles/cmTC_00129.dir/ -dumpbase CMakeCXXCompilerABI.cpp.cpp -dumpbase-ext .cpp -mtune=generic -march=x86-64 -version -fasynchronous-unwind-tables -fstack-protector-strong -Wformat -Wformat-security -fstack-clash-protection -fcf-protection -o /tmp/cc9ewvtp.s
GNU C++17 (Ubuntu 11.4.0-1ubuntu1~22.04) version 11.4.0 (x86_64-linux-gnu)
	compiled by GNU C version 11.4.0, GMP version 6.2.1, MPFR version 4.1.0, MPC version 1.2.1, isl version isl-0.24-GMP

GGC heuristics: --param ggc-min-expand=100 --param ggc-min-heapsize=131072
ignoring duplicate directory "/usr/include/x86_64-linux-gnu/c++/11"
ignoring nonexistent directory "/usr/local/include/x86_64-linux-gnu"
ignoring nonexistent directory "/usr/lib/gcc/x86_64-linux-gnu/11/include-fixed"
ignoring nonexistent directory "/usr/lib/gcc/x86_64-linux-gnu/11/../../../../x86_64-linux-gnu/include"
#include "..." search starts here:
#include <...> search starts here:
 /usr/include/c++/11
 /usr/include/x86_64-linux-gnu/c++/11
 /usr/include/c++/11/backward
 /usr/lib/gcc/x86_64-linux-gnu/11/include
 /usr/local/include
 /usr/include/x86_64-linux-gnu
 /usr/include
End of search list.
GNU C++17 (Ubuntu 11.4.0-1ubuntu1~22.04) version 11.4.0 (x86_64-linux-gnu)
	compiled by GNU C version 11.4.0, GMP version 6.2.1, MPFR version 4.1.0, MPC version 1.2.1, isl version isl-0.24-GMP

GGC heuristics: --param ggc-min-expand=100 --param ggc-min-heapsize=131072
Compiler executable checksum: d591828bb4d392ae8b7b160e5bb0b95f
COLLECT_GCC_OPTIONS='-v' '-o' 'CMakeFiles/cmTC_00129.dir/CMakeCXXCompilerABI.cpp.o' '-c' '-shared-libgcc' '-mtune=generic' '-march=x86-64' '-dumpdir' 'CMakeFiles/cmTC_00129.dir/'
 as -v --64 -o CMakeFiles/cmTC_00129.dir/CMakeCXXCompilerABI.cpp.o /tmp/cc9ewvtp.s
GNU assembler version 2.38 (x86_64-linux-gnu) using BFD version (GNU Binutils for Ubuntu) 2.38
COMPILER_PATH=/usr/lib/gcc/x86_64-linux-gnu/11/:/usr/lib/gcc/x86_64-linux-gnu/11/:/usr/lib/gcc/x86_64-linux-gnu/:/usr/lib/gcc/x86_64-linux-gnu/11/:/usr/lib/gcc/x86_64-linux-gnu/
LIBRARY_PATH=/usr/lib/gcc/x86_64-linux-gnu/11/:/usr/lib/gcc/x86_64-linux-gnu/11/../../../x86_64-linux-gnu/:/usr/lib/gcc/x86_64-linux-gnu/11/../../../../lib/:/lib/x86_64-linux-gnu/:/lib/../lib/:/usr/lib/x86_64-linux-gnu/:/usr/lib/../lib/:/usr/lib/gcc/x86_64-linux-gnu/11/../../../:/lib/:/usr/lib/
COLLECT_GCC_OPTIONS='-v' '-o' 'CMakeFiles/cmTC_00129.dir/CMakeCXXCompilerABI.cpp.o' '-c' '-shared-libgcc' '-mtune=generic' '-march=x86-64' '-dumpdir' 'CMakeFiles/cmTC_00129.dir/CMakeCXXCompilerABI.cpp.'
Linking CXX executable cmTC_00129
/usr/bin/cmake -E cmake_link_script CMakeFiles/cmTC_00129.dir/link.txt --verbose=1
/usr/bin/c++  -v CMakeFiles/cmTC_00129.dir/CMakeCXXCompilerABI.cpp.o -o cmTC_00129 
Using built-in specs.
COLLECT_GCC=/usr/bin/c++
COLLECT_LTO_WRAPPER=/usr/lib/gcc/x86_64-linux-gnu/11/lto-wrapper
OFFLOAD_TARGET_NAMES=nvptx-none:amdgcn-amdhsa
OFFLOAD_TARGET_DEFAULT=1
Target: x86_64-linux-gnu
Configured with: ../src/configure -v --with-pkgversion='Ubuntu 11.4.0-1ubuntu1~22.04' --with-bugurl=file:///usr/share/doc/gcc-11/README.Bugs --enable-languages=c,ada,c++,go,brig,d,fortran,objc,obj-c++,m2 --prefix=/usr --with-gcc-major-version-only --program-suffix=-11 --program-prefix=x86_64-linux-gnu- --enable-shared --enable-linker-build-id --libexecdir=/usr/lib --without-included-gettext --enable-threads=posix --libdir=/usr/lib --enable-nls --enable-bootstrap --enable-clocale=gnu --enable-libstdcxx-debug --enable-libstdcxx-time=yes --with-default-libstdcxx-abi=new --enable-gnu-unique-object --disable-vtable-verify --enable-plugin --enable-default-pie --with-system-zlib --enable-libphobos-checking=release --with-target-system-zlib=auto --enable-objc-gc=auto --enable-multiarch --disable-werror --enable-cet --with-arch-32=i686 --with-abi=m64 --with-multilib-list=m32,m64,mx32 --enable-multilib --with-tune=generic --enable-offload-targets=nvptx-none=/build/gcc-11-XeT9lY/gcc-11-11.4.0/debian/tmp-nvptx/usr,amdgcn-amdhsa=/build/gcc-11-XeT9lY/gcc-11-11.4.0/debian/tmp-gcn/usr --without-cuda-driver --enable-checking=release --build=x86_64-linux-gnu --host=x86_64-linux-gnu --target=x86_64-linux-gnu --with-build-config=bootstrap-lto-lean --enable-link-serialization=2
Thread model: posix
Supported LTO compression algorithms: zlib zstd
gcc version 11.4.0 (Ubuntu 11.4.0-1ubuntu1~22.04) 
COMPILER_PATH=/usr/lib/gcc/x86_64-linux-gnu/11/:/usr/lib/gcc/x86_64-linux-gnu/11/:/usr/lib/gcc/x86_64-linux-gnu/:/usr/lib/gcc/x86_64-linux-gnu/11/:/usr/lib/gcc/x86_64-linux-gnu/
LIBRARY_PATH=/usr/lib/gcc/x86_64-linux-gnu/11/:/usr/lib/gcc/x86_64-linux-gnu/11/../../../x86_64-linux-gnu/:/usr/lib/gcc/x86_64-linux-gnu/11/../../../../lib/:/lib/x86_64-linux-gnu/:/lib/../lib/:/usr/lib/x86_64-linux-gnu/:/usr/lib/../lib/:/usr/lib/gcc/x86_64-linux-gnu/11/../../../:/lib/:/usr/lib/
COLLECT_GCC_OPTIONS='-v' '-o' 'cmTC_00129' '-shared-libgcc' '-mtune=generic' '-march=x86-64' '-dumpdir' 'cmTC_00129.'
 /usr/lib/gcc/x86_64-linux-gnu/11/collect2 -plugin /usr/lib/gcc/x86_64-linux-gnu/11/liblto_plugin.so -plugin-opt=/usr/lib/gcc/x86_64-linux-gnu/11/lto-wrapper -plugin-opt=-fresolution=/tmp/ccQfQIsl.res -plugin-opt=-pass-through=-lgcc_s -plugin-opt=-pass-through=-lgcc -plugin-opt=-pass-through=-lc -plugin-opt=-pass-through=-lgcc_s -plugin-opt=-pass-through=-lgcc --build-id --eh-frame-hdr -m elf_x86_64 --hash-style=gnu --as-needed -dynamic-linker /lib64/ld-linux-x86-64.so.2 -pie -z now -z relro -o cmTC_00129 /usr/lib/gcc/x86_64-linux-gnu/11/../../../x86_64-linux-gnu/Scrt1.o /usr/lib/gcc/x86_64-linux-gnu/11/../../../x86_64-linux-gnu/crti.o /usr/lib/gcc/x86_64-linux-gnu/11/crtbeginS.o -L/usr/lib/gcc/x86_64-linux-gnu/11 -L/usr/lib/gcc/x86_64-linux-gnu/11/../../../x86_64-linux-gnu -L/usr/lib/gcc/x86_64-linux-gnu/11/../../../../lib -L/lib/x86_64-linux-gnu -L/lib/../lib -L/usr/lib/x86_64-linux-gnu -L/usr/lib/../lib -L/usr/lib/gcc/x86_64-linux-gnu/11/../../.. CMakeFiles/cmTC_00129.dir/CMakeCXXCompilerABI.cpp.o -lstdc++ -lm -lgcc_s -lgcc -lc -lgcc_s -lgcc /usr/lib/gcc/x86_64-linux-gnu/11/crtendS.o /usr/lib/gcc/x86_64-linux-gnu/11/../../../x86_64-linux-gnu/crtn.o
COLLECT_GCC_OPTIONS='-v' '-o' 'cmTC_00129' '-shared-libgcc' '-mtune=generic' '-march=x86-64' '-dumpdir' 'cmTC_00129.'
gmake[1]: Leaving directory '/home/deborah/Desktop/cppCodes/PhaseField/03PhaseFieldCpp/CMakeFiles/CMakeTmp'



Parsed CXX implicit include dir info from above output: rv=done
  found start of include info
  found start of implicit include info
    add: [/usr/include/c++/11]
    add: [/usr/include/x86_64-linux-gnu/c++/11]
    add: [/usr/include/c++/11/backward]
    add: [/usr/lib/gcc/x86_64-linux-gnu/11/include]
    add: [/usr/local/include]
    add: [/usr/include/x86_64-linux-gnu]
    add: [/usr/include]
  end of search list found
  collapse include dir [/usr/include/c++/11] ==> [/usr/include/c++/11]
  collapse include dir [/usr/include/x86_64-linux-gnu/c++/11] ==> [/usr/include/x86_64-linux-gnu/c++/11]
  collapse include dir [/usr/include/c++/11/backward] ==> [/usr/include/c++/11/backward]
  collapse include dir [/usr/lib/gcc/x86_64-linux-gnu/11/include] ==> [/usr/lib/gcc/x86_64-linux-gnu/11/include]
  collapse include dir [/usr/local/include] ==> [/usr/local/include]
  collapse include dir [/usr/include/x86_64-linux-gnu] ==> [/usr/include/x86_64-linux-gnu]
  collapse include dir [/usr/include] ==> [/usr/include]
  implicit include dirs: [/usr/include/c++/11;/usr/include/x86_64-linux-gnu/c++/11;/usr/include/c++/11/backward;/usr/lib/gcc/x86_64-linux-gnu/11/include;/usr/local/include;/usr/include/x86_64-linux-gnu;/usr/include]


Parsed CXX implicit link information from above output:
  link line regex: [^( *|.*[/\])(ld|CMAKE_LINK_STARTFILE-NOTFOUND|([^/\]+-)?ld|collect2)[^/\]*( |$)]
  ignore line: [Change Dir: /home/deborah/Desktop/cppCodes/PhaseField/03PhaseFieldCpp/CMakeFiles/CMakeTmp]
  ignore line: []
  ignore line: [Run Build Command(s):/usr/bin/gmake -f Makefile cmTC_00129/fast && /usr/bin/gmake  -f CMakeFiles/cmTC_00129.dir/build.make CMakeFiles/cmTC_00129.dir/build]
  ignore line: [gmake[1]: Entering directory '/home/deborah/Desktop/cppCodes/PhaseField/03PhaseFieldCpp/CMakeFiles/CMakeTmp']
  ignore line: [Building CXX object CMakeFiles/cmTC_00129.dir/CMakeCXXCompilerABI.cpp.o]
  ignore line: [/usr/bin/c++   -v -o CMakeFiles/cmTC_00129.dir/CMakeCXXCompilerABI.cpp.o -c /usr/share/cmake-3.22/Modules/CMakeCXXCompilerABI.cpp]
  ignore line: [Using built-in specs.]
  ignore line: [COLLECT_GCC=/usr/bin/c++]
  ignore line: [OFFLOAD_TARGET_NAMES=nvptx-none:amdgcn-amdhsa]
  ignore line: [OFFLOAD_TARGET_DEFAULT=1]
  ignore line: [Target: x86_64-linux-gnu]
  ignore line: [Configured with: ../src/configure -v --with-pkgversion='Ubuntu 11.4.0-1ubuntu1~22.04' --with-bugurl=file:///usr/share/doc/gcc-11/README.Bugs --enable-languages=c ada c++ go brig d fortran objc obj-c++ m2 --prefix=/usr --with-gcc-major-version-only --program-suffix=-11 --program-prefix=x86_64-linux-gnu- --enable-shared --enable-linker-build-id --libexecdir=/usr/lib --without-included-gettext --enable-threads=posix --libdir=/usr/lib --enable-nls --enable-bootstrap --enable-clocale=gnu --enable-libstdcxx-debug --enable-libstdcxx-time=yes --with-default-libstdcxx-abi=new --enable-gnu-unique-object --disable-vtable-verify --enable-plugin --enable-default-pie --with-system-zlib --enable-libphobos-checking=release --with-target-system-zlib=auto --enable-objc-gc=auto --enable-multiarch --disable-werror --enable-cet --with-arch-32=i686 --with-abi=m64 --with-multilib-list=m32 m64 mx32 --enable-multilib --with-tune=generic --enable-offload-targets=nvptx-none=/build/gcc-11-XeT9lY/gcc-11-11.4.0/debian/tmp-nvptx/usr amdgcn-amdhsa=/build/gcc-11-XeT9lY/gcc-11-11.4.0/debian/tmp-gcn/usr --without-cuda-driver --enable-checking=release --build=x86_64-linux-gnu --host=x86_64-linux-gnu --target=x86_64-linux-gnu --with-build-config=bootstrap-lto-lean --enable-link-serialization=2]
  ignore line: [Thread model: posix]
  ignore line: [Supported LTO compression algorithms: zlib zstd]
  ignore line: [gcc version 11.4.0 (Ubuntu 11.4.0-1ubuntu1~22.04) ]
  ignore line: [COLLECT_GCC_OPTIONS='-v' '-o' 'CMakeFiles/cmTC_00129.dir/CMakeCXXCompilerABI.cpp.o' '-c' '-shared-libgcc' '-mtune=generic' '-march=x86-64' '-dumpdir' 'CMakeFiles/cmTC_00129.dir/']
  ignore line: [ /usr/lib/gcc/x86_64-linux-gnu/11/cc1plus -quiet -v -imultiarch x86_64-linux-gnu -D_GNU_SOURCE /usr/share/cmake-3.22/Modules/CMakeCXXCompilerABI.cpp -quiet -dumpdir CMakeFiles/cmTC_00129.dir/ -dumpbase CMakeCXXCompilerABI.cpp.cpp -dumpbase-ext .cpp -mtune=generic -march=x86-64 -version -fasynchronous-unwind-tables -fstack-protector-strong -Wformat -Wformat-security -fstack-clash-protection -fcf-protection -o /tmp/cc9ewvtp.s]
  ignore line: [GNU C++17 (Ubuntu 11.4.0-1ubuntu1~22.04) version 11.4.0 (x86_64-linux-gnu)]
  ignore line: [	compiled by GNU C version 11.4.0  GMP version 6.2.1  MPFR version 4.1.0  MPC version 1.2.1  isl version isl-0.24-GMP]
  ignore line: []
  ignore line: [GGC heuristics: --param ggc-min-expand=100 --param ggc-min-heapsize=131072]
  ignore line: [ignoring duplicate directory "/usr/include/x86_64-linux-gnu/c++/11"]
  ignore line: [ignoring nonexistent directory "/usr/local/include/x86_64-linux-gnu"]
  ignore line: [ignoring nonexistent directory "/usr/lib/gcc/x86_64-linux-gnu/11/include-fixed"]
  ignore line: [ignoring nonexistent directory "/usr/lib/gcc/x86_64-linux-gnu/11/../../../../x86_64-linux-gnu/include"]
  ignore line: [#include "..." search starts here:]
  ignore line: [#include <...> search starts here:]
  ignore line: [ /usr/include/c++/11]
  ignore line: [ /usr/include/x86_64-linux-gnu/c++/11]
  ignore line: [ /usr/include/c++/11/backward]
  ignore line: [ /usr/lib/gcc/x86_64-linux-gnu/11/include]
  ignore line: [ /usr/local/include]
  ignore line: [ /usr/include/x86_64-linux-gnu]
  ignore line: [ /usr/include]
  ignore line: [End of search list.]
  ignore line: [GNU C++17 (Ubuntu 11.4.0-1ubuntu1~22.04) version 11.4.0 (x86_64-linux-gnu)]
  ignore line: [	compiled by GNU C version 11.4.0  GMP version 6.2.1  MPFR version 4.1.0  MPC version 1.2.1  isl version isl-0.24-GMP]
  ignore line: []
  ignore line: [GGC heuristics: --param ggc-min-expand=100 --param ggc-min-heapsize=131072]
  ignore line: [Compiler executable checksum: d591828bb4d392ae8b7b160e5bb0b95f]
  ignore line: [COLLECT_GCC_OPTIONS='-v' '-o' 'CMakeFiles/cmTC_00129.dir/CMakeCXXCompilerABI.cpp.o' '-c' '-shared-libgcc' '-mtune=generic' '-march=x86-64' '-dumpdir' 'CMakeFiles/cmTC_00129.dir/']
  ignore line: [ as -v --64 -o CMakeFiles/cmTC_00129.dir/CMakeCXXCompilerABI.cpp.o /tmp/cc9ewvtp.s]
  ignore line: [GNU assembler version 2.38 (x86_64-linux-gnu) using BFD version (GNU Binutils for Ubuntu) 2.38]
  ignore line: [COMPILER_PATH=/usr/lib/gcc/x86_64-linux-gnu/11/:/usr/lib/gcc/x86_64-linux-gnu/11/:/usr/lib/gcc/x86_64-linux-gnu/:/usr/lib/gcc/x86_64-linux-gnu/11/:/usr/lib/gcc/x86_64-linux-gnu/]
  ignore line: [LIBRARY_PATH=/usr/lib/gcc/x86_64-linux-gnu/11/:/usr/lib/gcc/x86_64-linux-gnu/11/../../../x86_64-linux-gnu/:/usr/lib/gcc/x86_64-linux-gnu/11/../../../../lib/:/lib/x86_64-linux-gnu/:/lib/../lib/:/usr/lib/x86_64-linux-gnu/:/usr/lib/../lib/:/usr/lib/gcc/x86_64-linux-gnu/11/../../../:/lib/:/usr/lib/]
  ignore line: [COLLECT_GCC_OPTIONS='-v' '-o' 'CMakeFiles/cmTC_00129.dir/CMakeCXXCompilerABI.cpp.o' '-c' '-shared-libgcc' '-mtune=generic' '-march=x86-64' '-dumpdir' 'CMakeFiles/cmTC_00129.dir/CMakeCXXCompilerABI.cpp.']
  ignore line: [Linking CXX executable cmTC_00129]
  ignore line: [/usr/bin/cmake -E cmake_link_script CMakeFiles/cmTC_00129.dir/link.txt --verbose=1]
  ignore line: [/usr/bin/c++  -v CMakeFiles/cmTC_00129.dir/CMakeCXXCompilerABI.cpp.o -o cmTC_00129 ]
  ignore line: [Using built-in specs.]
  ignore line: [COLLECT_GCC=/usr/bin/c++]
  ignore line: [COLLECT_LTO_WRAPPER=/usr/lib/gcc/x86_64-linux-gnu/11/lto-wrapper]
  ignore line: [OFFLOAD_TARGET_NAMES=nvptx-none:amdgcn-amdhsa]
  ignore line: [OFFLOAD_TARGET_DEFAULT=1]
  ignore line: [Target: x86_64-linux-gnu]
  ignore line: [Configured with: ../src/configure -v --with-pkgversion='Ubuntu 11.4.0-1ubuntu1~22.04' --with-bugurl=file:///usr/share/doc/gcc-11/README.Bugs --enable-languages=c ada c++ go brig d fortran objc obj-c++ m2 --prefix=/usr --with-gcc-major-version-only --program-suffix=-11 --program-prefix=x86_64-linux-gnu- --enable-shared --enable-linker-build-id --libexecdir=/usr/lib --without-included-gettext --enable-threads=posix --libdir=/usr/lib --enable-nls --enable-bootstrap --enable-clocale=gnu --enable-libstdcxx-debug --enable-libstdcxx-time=yes --with-default-libstdcxx-abi=new --enable-gnu-unique-object --disable-vtable-verify --enable-plugin --enable-default-pie --with-system-zlib --enable-libphobos-checking=release --with-target-system-zlib=auto --enable-objc-gc=auto --enable-multiarch --disable-werror --enable-cet --with-arch-32=i686 --with-abi=m64 --with-multilib-list=m32 m64 mx32 --enable-multilib --with-tune=generic --enable-offload-targets=nvptx-none=/build/gcc-11-XeT9lY/gcc-11-11.4.0/debian/tmp-nvptx/usr amdgcn-amdhsa=/build/gcc-11-XeT9lY/gcc-11-11.4.0/debian/tmp-gcn/usr --without-cuda-driver --enable-checking=release --build=x86_64-linux-gnu --host=x86_64-linux-gnu --target=x86_64-linux-gnu --with-build-config=bootstrap-lto-lean --enable-link-serialization=2]
  ignore line: [Thread model: posix]
  ignore line: [Supported LTO compression algorithms: zlib zstd]
  ignore line: [gcc version 11.4.0 (Ubuntu 11.4.0-1ubuntu1~22.04) ]
  ignore line: [COMPILER_PATH=/usr/lib/gcc/x86_64-linux-gnu/11/:/usr/lib/gcc/x86_64-linux-gnu/11/:/usr/lib/gcc/x86_64-linux-gnu/:/usr/lib/gcc/x86_64-linux-gnu/11/:/usr/lib/gcc/x86_64-linux-gnu/]
  ignore line: [LIBRARY_PATH=/usr/lib/gcc/x86_64-linux-gnu/11/:/usr/lib/gcc/x86_64-linux-gnu/11/../../../x86_64-linux-gnu/:/usr/lib/gcc/x86_64-linux-gnu/11/../../../../lib/:/lib/x86_64-linux-gnu/:/lib/../lib/:/usr/lib/x86_64-linux-gnu/:/usr/lib/../lib/:/usr/lib/gcc/x86_64-linux-gnu/11/../../../:/lib/:/usr/lib/]
  ignore line: [COLLECT_GCC_OPTIONS='-v' '-o' 'cmTC_00129' '-shared-libgcc' '-mtune=generic' '-march=x86-64' '-dumpdir' 'cmTC_00129.']
  link line: [ /usr/lib/gcc/x86_64-linux-gnu/11/collect2 -plugin /usr/lib/gcc/x86_64-linux-gnu/11/liblto_plugin.so -plugin-opt=/usr/lib/gcc/x86_64-linux-gnu/11/lto-wrapper -plugin-opt=-fresolution=/tmp/ccQfQIsl.res -plugin-opt=-pass-through=-lgcc_s -plugin-opt=-pass-through=-lgcc -plugin-opt=-pass-through=-lc -plugin-opt=-pass-through=-lgcc_s -plugin-opt=-pass-through=-lgcc --build-id --eh-frame-hdr -m elf_x86_64 --hash-style=gnu --as-needed -dynamic-linker /lib64/ld-linux-x86-64.so.2 -pie -z now -z relro -o cmTC_00129 /usr/lib/gcc/x86_64-linux-gnu/11/../../../x86_64-linux-gnu/Scrt1.o /usr/lib/gcc/x86_64-linux-gnu/11/../../../x86_64-linux-gnu/crti.o /usr/lib/gcc/x86_64-linux-gnu/11/crtbeginS.o -L/usr/lib/gcc/x86_64-linux-gnu/11 -L/usr/lib/gcc/x86_64-linux-gnu/11/../../../x86_64-linux-gnu -L/usr/lib/gcc/x86_64-linux-gnu/11/../../../../lib -L/lib/x86_64-linux-gnu -L/lib/../lib -L/usr/lib/x86_64-linux-gnu -L/usr/lib/../lib -L/usr/lib/gcc/x86_64-linux-gnu/11/../../.. CMakeFiles/cmTC_00129.dir/CMakeCXXCompilerABI.cpp.o -lstdc++ -lm -lgcc_s -lgcc -lc -lgcc_s -lgcc /usr/lib/gcc/x86_64-linux-gnu/11/crtendS.o /usr/lib/gcc/x86_64-linux-gnu/11/../../../x86_64-linux-gnu/crtn.o]
    arg [/usr/lib/gcc/x86_64-linux-gnu/11/collect2] ==> ignore
    arg [-plugin] ==> ignore
    arg [/usr/lib/gcc/x86_64-linux-gnu/11/liblto_plugin.so] ==> ignore
    arg [-plugin-opt=/usr/lib/gcc/x86_64-linux-gnu/11/lto-wrapper] ==> ignore
    arg [-plugin-opt=-fresolution=/tmp/ccQfQIsl.res] ==> ignore
    arg [-plugin-opt=-pass-through=-lgcc_s] ==> ignore
    arg [-plugin-opt=-pass-through=-lgcc] ==> ignore
    arg [-plugin-opt=-pass-through=-lc] ==> ignore
    arg [-plugin-opt=-pass-through=-lgcc_s] ==> ignore
    arg [-plugin-opt=-pass-through=-lgcc] ==> ignore
    arg [--build-id] ==> ignore
    arg [--eh-frame-hdr] ==> ignore
    arg [-m] ==> ignore
    arg [elf_x86_64] ==> ignore
    arg [--hash-style=gnu] ==> ignore
    arg [--as-needed] ==> ignore
    arg [-dynamic-linker] ==> ignore
    arg [/lib64/ld-linux-x86-64.so.2] ==> ignore
    arg [-pie] ==> ignore
    arg [-znow] ==> ignore
    arg [-zrelro] ==> ignore
    arg [-o] ==> ignore
    arg [cmTC_00129] ==> ignore
    arg [/usr/lib/gcc/x86_64-linux-gnu/11/../../../x86_64-linux-gnu/Scrt1.o] ==> obj [/usr/lib/gcc/x86_64-linux-gnu/11/../../../x86_64-linux-gnu/Scrt1.o]
    arg [/usr/lib/gcc/x86_64-linux-gnu/11/../../../x86_64-linux-gnu/crti.o] ==> obj [/usr/lib/gcc/x86_64-linux-gnu/11/../../../x86_64-linux-gnu/crti.o]
    arg [/usr/lib/gcc/x86_64-linux-gnu/11/crtbeginS.o] ==> obj [/usr/lib/gcc/x86_64-linux-gnu/11/crtbeginS.o]
    arg [-L/usr/lib/gcc/x86_64-linux-gnu/11] ==> dir [/usr/lib/gcc/x86_64-linux-gnu/11]
    arg [-L/usr/lib/gcc/x86_64-linux-gnu/11/../../../x86_64-linux-gnu] ==> dir [/usr/lib/gcc/x86_64-linux-gnu/11/../../../x86_64-linux-gnu]
    arg [-L/usr/lib/gcc/x86_64-linux-gnu/11/../../../../lib] ==> dir [/usr/lib/gcc/x86_64-linux-gnu/11/../../../../lib]
    arg [-L/lib/x86_64-linux-gnu] ==> dir [/lib/x86_64-linux-gnu]
    arg [-L/lib/../lib] ==> dir [/lib/../lib]
    arg [-L/usr/lib/x86_64-linux-gnu] ==> dir [/usr/lib/x86_64-linux-gnu]
    arg [-L/usr/lib/../lib] ==> dir [/usr/lib/../lib]
    arg [-L/usr/lib/gcc/x86_64-linux-gnu/11/../../..] ==> dir [/usr/lib/gcc/x86_64-linux-gnu/11/../../..]
    arg [CMakeFiles/cmTC_00129.dir/CMakeCXXCompilerABI.cpp.o] ==> ignore
    arg [-lstdc++] ==> lib [stdc++]
    arg [-lm] ==> lib [m]
    arg [-lgcc_s] ==> lib [gcc_s]
    arg [-lgcc] ==> lib [gcc]
    arg [-lc] ==> lib [c]
    arg [-lgcc_s] ==> lib [gcc_s]
    arg [-lgcc] ==> lib [gcc]
    arg [/usr/lib/gcc/x86_64-linux-gnu/11/crtendS.o] ==> obj [/usr/lib/gcc/x86_64-linux-gnu/11/crtendS.o]
    arg [/usr/lib/gcc/x86_64-linux-gnu/11/../../../x86_64-linux-gnu/crtn.o] ==> obj [/usr/lib/gcc/x86_64-linux-gnu/11/../../../x86_64-linux-gnu/crtn.o]
  collapse obj [/usr/lib/gcc/x86_64-linux-gnu/11/../../../x86_64-linux-gnu/Scrt1.o] ==> [/usr/lib/x86_64-linux-gnu/Scrt1.o]
  collapse obj [/usr/lib/gcc/x86_64-linux-gnu/11/../../../x86_64-linux-gnu/crti.o] ==> [/usr/lib/x86_64-linux-gnu/crti.o]
  collapse obj [/usr/lib/gcc/x86_64-linux-gnu/11/../../../x86_64-linux-gnu/crtn.o] ==> [/usr/lib/x86_64-linux-gnu/crtn.o]
  collapse library dir [/usr/lib/gcc/x86_64-linux-gnu/11] ==> [/usr/lib/gcc/x86_64-linux-gnu/11]
  collapse library dir [/usr/lib/gcc/x86_64-linux-gnu/11/../../../x86_64-linux-gnu] ==> [/usr/lib/x86_64-linux-gnu]
  collapse library dir [/usr/lib/gcc/x86_64-linux-gnu/11/../../../../lib] ==> [/usr/lib]
  collapse library dir [/lib/x86_64-linux-gnu] ==> [/lib/x86_64-linux-gnu]
  collapse library dir [/lib/../lib] ==> [/lib]
  collapse library dir [/usr/lib/x86_64-linux-gnu] ==> [/usr/lib/x86_64-linux-gnu]
  collapse library dir [/usr/lib/../lib] ==> [/usr/lib]
  collapse library dir [/usr/lib/gcc/x86_64-linux-gnu/11/../../..] ==> [/usr/lib]
  implicit libs: [stdc++;m;gcc_s;gcc;c;gcc_s;gcc]
  implicit objs: [/usr/lib/x86_64-linux-gnu/Scrt1.o;/usr/lib/x86_64-linux-gnu/crti.o;/usr/lib/gcc/x86_64-linux-gnu/11/crtbeginS.o;/usr/lib/gcc/x86_64-linux-gnu/11/crtendS.o;/usr/lib/x86_64-linux-gnu/crtn.o]
  implicit dirs: [/usr/lib/gcc/x86_64-linux-gnu/11;/usr/lib/x86_64-linux-gnu;/usr/lib;/lib/x86_64-linux-gnu;/lib]
  implicit fwks: []


Performing C SOURCE FILE Test MULTIPASS_TEST_2_petsc_works_allincludes succeeded with the following compile output:
Change Dir: /home/deborah/Desktop/cppCodes/PhaseField/03PhaseFieldCpp/CMakeFiles/CMakeTmp

Run Build Command(s):/usr/bin/gmake -f Makefile cmTC_d0b22/fast && /usr/bin/gmake  -f CMakeFiles/cmTC_d0b22.dir/build.make CMakeFiles/cmTC_d0b22.dir/build
gmake[1]: Entering directory '/home/deborah/Desktop/cppCodes/PhaseField/03PhaseFieldCpp/CMakeFiles/CMakeTmp'
Building C object CMakeFiles/cmTC_d0b22.dir/src.c.o
/usr/bin/cc -DMULTIPASS_TEST_2_petsc_works_allincludes -I/home/deborah/petsc/include -I/home/deborah/petsc/arch-linux2-c-debug/include -I/home/deborah/mpich/include  -o CMakeFiles/cmTC_d0b22.dir/src.c.o -c /home/deborah/Desktop/cppCodes/PhaseField/03PhaseFieldCpp/CMakeFiles/CMakeTmp/src.c
Linking C executable cmTC_d0b22
/usr/bin/cmake -E cmake_link_script CMakeFiles/cmTC_d0b22.dir/link.txt --verbose=1
/usr/bin/cc -rdynamic CMakeFiles/cmTC_d0b22.dir/src.c.o -o cmTC_d0b22  -Wl,-rpath,/home/deborah/petsc/arch-linux2-c-debug/lib /home/deborah/petsc/arch-linux2-c-debug/lib/libpetsc.so 
gmake[1]: Leaving directory '/home/deborah/Desktop/cppCodes/PhaseField/03PhaseFieldCpp/CMakeFiles/CMakeTmp'


...and run output:

Return value: 1
Source file was:

static const char help[] = "PETSc test program.";
#include <petscts.h>
int main(int argc,char *argv[]) {
  PetscErrorCode ierr;
  TS ts;
  ierr = PetscInitialize(&argc,&argv,0,help);CHKERRQ(ierr);
  ierr = TSCreate(PETSC_COMM_WORLD,&ts);CHKERRQ(ierr);
  ierr = TSSetFromOptions(ts);CHKERRQ(ierr);
  ierr = TSDestroy(&ts);CHKERRQ(ierr);
  ierr = PetscFinalize();CHKERRQ(ierr);
  return 0;
}

Determining if the function METIS_NodeND exists passed with the following output:
Change Dir: /home/deborah/Desktop/cppCodes/PhaseField/03PhaseFieldCpp/CMakeFiles/CMakeTmp

Run Build Command(s):/usr/bin/gmake -f Makefile cmTC_12068/fast && /usr/bin/gmake  -f CMakeFiles/cmTC_12068.dir/build.make CMakeFiles/cmTC_12068.dir/build
gmake[1]: Entering directory '/home/deborah/Desktop/cppCodes/PhaseField/03PhaseFieldCpp/CMakeFiles/CMakeTmp'
Building C object CMakeFiles/cmTC_12068.dir/CheckFunctionExists.c.o
/usr/bin/cc   -DCHECK_FUNCTION_EXISTS=METIS_NodeND -o CMakeFiles/cmTC_12068.dir/CheckFunctionExists.c.o -c /usr/share/cmake-3.22/Modules/CheckFunctionExists.c
Linking C executable cmTC_12068
/usr/bin/cmake -E cmake_link_script CMakeFiles/cmTC_12068.dir/link.txt --verbose=1
/usr/bin/cc  -DCHECK_FUNCTION_EXISTS=METIS_NodeND CMakeFiles/cmTC_12068.dir/CheckFunctionExists.c.o -o cmTC_12068  -L/usr/lib/x86_64-linux-gnu /usr/lib/x86_64-linux-gnu/libmetis.so -lm 
gmake[1]: Leaving directory '/home/deborah/Desktop/cppCodes/PhaseField/03PhaseFieldCpp/CMakeFiles/CMakeTmp'



Determining if the function METIS_NodeND exists passed with the following output:
Change Dir: /home/deborah/Desktop/cppCodes/PhaseField/03PhaseFieldCpp/CMakeFiles/CMakeTmp

Run Build Command(s):/usr/bin/gmake -f Makefile cmTC_755b9/fast && /usr/bin/gmake  -f CMakeFiles/cmTC_755b9.dir/build.make CMakeFiles/cmTC_755b9.dir/build
gmake[1]: Entering directory '/home/deborah/Desktop/cppCodes/PhaseField/03PhaseFieldCpp/CMakeFiles/CMakeTmp'
Building C object CMakeFiles/cmTC_755b9.dir/CheckFunctionExists.c.o
/usr/bin/cc   -DCHECK_FUNCTION_EXISTS=METIS_NodeND -o CMakeFiles/cmTC_755b9.dir/CheckFunctionExists.c.o -c /usr/share/cmake-3.22/Modules/CheckFunctionExists.c
Linking C executable cmTC_755b9
/usr/bin/cmake -E cmake_link_script CMakeFiles/cmTC_755b9.dir/link.txt --verbose=1
/usr/bin/cc  -DCHECK_FUNCTION_EXISTS=METIS_NodeND CMakeFiles/cmTC_755b9.dir/CheckFunctionExists.c.o -o cmTC_755b9  -L/usr/lib/x86_64-linux-gnu /usr/lib/x86_64-linux-gnu/libmetis.so -lm 
gmake[1]: Leaving directory '/home/deborah/Desktop/cppCodes/PhaseField/03PhaseFieldCpp/CMakeFiles/CMakeTmp'



Determining if the function METIS_NodeND exists passed with the following output:
Change Dir: /home/deborah/Desktop/cppCodes/PhaseField/03PhaseFieldCpp/CMakeFiles/CMakeTmp

Run Build Command(s):/usr/bin/gmake -f Makefile cmTC_efa7d/fast && /usr/bin/gmake  -f CMakeFiles/cmTC_efa7d.dir/build.make CMakeFiles/cmTC_efa7d.dir/build
gmake[1]: Entering directory '/home/deborah/Desktop/cppCodes/PhaseField/03PhaseFieldCpp/CMakeFiles/CMakeTmp'
Building C object CMakeFiles/cmTC_efa7d.dir/CheckFunctionExists.c.o
/usr/bin/cc   -DCHECK_FUNCTION_EXISTS=METIS_NodeND -o CMakeFiles/cmTC_efa7d.dir/CheckFunctionExists.c.o -c /usr/share/cmake-3.22/Modules/CheckFunctionExists.c
Linking C executable cmTC_efa7d
/usr/bin/cmake -E cmake_link_script CMakeFiles/cmTC_efa7d.dir/link.txt --verbose=1
/usr/bin/cc  -DCHECK_FUNCTION_EXISTS=METIS_NodeND CMakeFiles/cmTC_efa7d.dir/CheckFunctionExists.c.o -o cmTC_efa7d  -L/usr/lib/x86_64-linux-gnu /usr/lib/x86_64-linux-gnu/libmetis.so -lm 
gmake[1]: Leaving directory '/home/deborah/Desktop/cppCodes/PhaseField/03PhaseFieldCpp/CMakeFiles/CMakeTmp'



Determining if the function METIS_NodeND exists passed with the following output:
Change Dir: /home/deborah/Desktop/cppCodes/PhaseField/03PhaseFieldCpp/CMakeFiles/CMakeTmp

Run Build Command(s):/usr/bin/gmake -f Makefile cmTC_a8a71/fast && /usr/bin/gmake  -f CMakeFiles/cmTC_a8a71.dir/build.make CMakeFiles/cmTC_a8a71.dir/build
gmake[1]: Entering directory '/home/deborah/Desktop/cppCodes/PhaseField/03PhaseFieldCpp/CMakeFiles/CMakeTmp'
Building C object CMakeFiles/cmTC_a8a71.dir/CheckFunctionExists.c.o
/usr/bin/cc   -DCHECK_FUNCTION_EXISTS=METIS_NodeND -o CMakeFiles/cmTC_a8a71.dir/CheckFunctionExists.c.o -c /usr/share/cmake-3.22/Modules/CheckFunctionExists.c
Linking C executable cmTC_a8a71
/usr/bin/cmake -E cmake_link_script CMakeFiles/cmTC_a8a71.dir/link.txt --verbose=1
/usr/bin/cc  -DCHECK_FUNCTION_EXISTS=METIS_NodeND CMakeFiles/cmTC_a8a71.dir/CheckFunctionExists.c.o -o cmTC_a8a71  -L/usr/lib/x86_64-linux-gnu /usr/lib/x86_64-linux-gnu/libmetis.so -lm 
gmake[1]: Leaving directory '/home/deborah/Desktop/cppCodes/PhaseField/03PhaseFieldCpp/CMakeFiles/CMakeTmp'



Determining if the function METIS_NodeND exists passed with the following output:
Change Dir: /home/deborah/Desktop/cppCodes/PhaseField/03PhaseFieldCpp/CMakeFiles/CMakeTmp

Run Build Command(s):/usr/bin/gmake -f Makefile cmTC_a6a94/fast && /usr/bin/gmake  -f CMakeFiles/cmTC_a6a94.dir/build.make CMakeFiles/cmTC_a6a94.dir/build
gmake[1]: Entering directory '/home/deborah/Desktop/cppCodes/PhaseField/03PhaseFieldCpp/CMakeFiles/CMakeTmp'
Building C object CMakeFiles/cmTC_a6a94.dir/CheckFunctionExists.c.o
/usr/bin/cc   -DCHECK_FUNCTION_EXISTS=METIS_NodeND -o CMakeFiles/cmTC_a6a94.dir/CheckFunctionExists.c.o -c /usr/share/cmake-3.22/Modules/CheckFunctionExists.c
Linking C executable cmTC_a6a94
/usr/bin/cmake -E cmake_link_script CMakeFiles/cmTC_a6a94.dir/link.txt --verbose=1
/usr/bin/cc  -DCHECK_FUNCTION_EXISTS=METIS_NodeND CMakeFiles/cmTC_a6a94.dir/CheckFunctionExists.c.o -o cmTC_a6a94  -L/usr/lib/x86_64-linux-gnu /usr/lib/x86_64-linux-gnu/libmetis.so -lm 
gmake[1]: Leaving directory '/home/deborah/Desktop/cppCodes/PhaseField/03PhaseFieldCpp/CMakeFiles/CMakeTmp'



Determining if the function METIS_NodeND exists passed with the following output:
Change Dir: /home/deborah/Desktop/cppCodes/PhaseField/03PhaseFieldCpp/CMakeFiles/CMakeTmp

Run Build Command(s):/usr/bin/gmake -f Makefile cmTC_6d69c/fast && /usr/bin/gmake  -f CMakeFiles/cmTC_6d69c.dir/build.make CMakeFiles/cmTC_6d69c.dir/build
gmake[1]: Entering directory '/home/deborah/Desktop/cppCodes/PhaseField/03PhaseFieldCpp/CMakeFiles/CMakeTmp'
Building C object CMakeFiles/cmTC_6d69c.dir/CheckFunctionExists.c.o
/usr/bin/cc   -DCHECK_FUNCTION_EXISTS=METIS_NodeND -o CMakeFiles/cmTC_6d69c.dir/CheckFunctionExists.c.o -c /usr/share/cmake-3.22/Modules/CheckFunctionExists.c
Linking C executable cmTC_6d69c
/usr/bin/cmake -E cmake_link_script CMakeFiles/cmTC_6d69c.dir/link.txt --verbose=1
/usr/bin/cc  -DCHECK_FUNCTION_EXISTS=METIS_NodeND CMakeFiles/cmTC_6d69c.dir/CheckFunctionExists.c.o -o cmTC_6d69c  -L/usr/lib/x86_64-linux-gnu /usr/lib/x86_64-linux-gnu/libmetis.so -lm 
gmake[1]: Leaving directory '/home/deborah/Desktop/cppCodes/PhaseField/03PhaseFieldCpp/CMakeFiles/CMakeTmp'



Determining if the function METIS_NodeND exists passed with the following output:
Change Dir: /home/deborah/Desktop/cppCodes/PhaseField/03PhaseFieldCpp/CMakeFiles/CMakeTmp

Run Build Command(s):/usr/bin/gmake -f Makefile cmTC_10f8b/fast && /usr/bin/gmake  -f CMakeFiles/cmTC_10f8b.dir/build.make CMakeFiles/cmTC_10f8b.dir/build
gmake[1]: Entering directory '/home/deborah/Desktop/cppCodes/PhaseField/03PhaseFieldCpp/CMakeFiles/CMakeTmp'
Building C object CMakeFiles/cmTC_10f8b.dir/CheckFunctionExists.c.o
/usr/bin/cc   -DCHECK_FUNCTION_EXISTS=METIS_NodeND -o CMakeFiles/cmTC_10f8b.dir/CheckFunctionExists.c.o -c /usr/share/cmake-3.22/Modules/CheckFunctionExists.c
Linking C executable cmTC_10f8b
/usr/bin/cmake -E cmake_link_script CMakeFiles/cmTC_10f8b.dir/link.txt --verbose=1
/usr/bin/cc  -DCHECK_FUNCTION_EXISTS=METIS_NodeND CMakeFiles/cmTC_10f8b.dir/CheckFunctionExists.c.o -o cmTC_10f8b  -L/usr/lib/x86_64-linux-gnu /usr/lib/x86_64-linux-gnu/libmetis.so -lm 
gmake[1]: Leaving directory '/home/deborah/Desktop/cppCodes/PhaseField/03PhaseFieldCpp/CMakeFiles/CMakeTmp'



Determining if the function METIS_NodeND exists passed with the following output:
Change Dir: /home/deborah/Desktop/cppCodes/PhaseField/03PhaseFieldCpp/CMakeFiles/CMakeTmp

Run Build Command(s):/usr/bin/gmake -f Makefile cmTC_3893a/fast && /usr/bin/gmake  -f CMakeFiles/cmTC_3893a.dir/build.make CMakeFiles/cmTC_3893a.dir/build
gmake[1]: Entering directory '/home/deborah/Desktop/cppCodes/PhaseField/03PhaseFieldCpp/CMakeFiles/CMakeTmp'
Building C object CMakeFiles/cmTC_3893a.dir/CheckFunctionExists.c.o
/usr/bin/cc   -DCHECK_FUNCTION_EXISTS=METIS_NodeND -o CMakeFiles/cmTC_3893a.dir/CheckFunctionExists.c.o -c /usr/share/cmake-3.22/Modules/CheckFunctionExists.c
Linking C executable cmTC_3893a
/usr/bin/cmake -E cmake_link_script CMakeFiles/cmTC_3893a.dir/link.txt --verbose=1
/usr/bin/cc  -DCHECK_FUNCTION_EXISTS=METIS_NodeND CMakeFiles/cmTC_3893a.dir/CheckFunctionExists.c.o -o cmTC_3893a  -L/usr/lib/x86_64-linux-gnu /usr/lib/x86_64-linux-gnu/libmetis.so -lm 
gmake[1]: Leaving directory '/home/deborah/Desktop/cppCodes/PhaseField/03PhaseFieldCpp/CMakeFiles/CMakeTmp'



Determining if the function METIS_NodeND exists passed with the following output:
Change Dir: /home/deborah/Desktop/cppCodes/PhaseField/03PhaseFieldCpp/CMakeFiles/CMakeTmp

Run Build Command(s):/usr/bin/gmake -f Makefile cmTC_0b5c8/fast && /usr/bin/gmake  -f CMakeFiles/cmTC_0b5c8.dir/build.make CMakeFiles/cmTC_0b5c8.dir/build
gmake[1]: Entering directory '/home/deborah/Desktop/cppCodes/PhaseField/03PhaseFieldCpp/CMakeFiles/CMakeTmp'
Building C object CMakeFiles/cmTC_0b5c8.dir/CheckFunctionExists.c.o
/usr/bin/cc   -DCHECK_FUNCTION_EXISTS=METIS_NodeND -o CMakeFiles/cmTC_0b5c8.dir/CheckFunctionExists.c.o -c /usr/share/cmake-3.22/Modules/CheckFunctionExists.c
Linking C executable cmTC_0b5c8
/usr/bin/cmake -E cmake_link_script CMakeFiles/cmTC_0b5c8.dir/link.txt --verbose=1
/usr/bin/cc  -DCHECK_FUNCTION_EXISTS=METIS_NodeND CMakeFiles/cmTC_0b5c8.dir/CheckFunctionExists.c.o -o cmTC_0b5c8  -L/usr/lib/x86_64-linux-gnu /usr/lib/x86_64-linux-gnu/libmetis.so -lm 
gmake[1]: Leaving directory '/home/deborah/Desktop/cppCodes/PhaseField/03PhaseFieldCpp/CMakeFiles/CMakeTmp'



Performing C SOURCE FILE Test MULTIPASS_TEST_4_petsc_works_allincludes succeeded with the following compile output:
Change Dir: /home/deborah/Desktop/cppCodes/PhaseField/03PhaseFieldCpp/CMakeFiles/CMakeTmp

Run Build Command(s):/usr/bin/gmake -f Makefile cmTC_b9725/fast && /usr/bin/gmake  -f CMakeFiles/cmTC_b9725.dir/build.make CMakeFiles/cmTC_b9725.dir/build
gmake[1]: Entering directory '/home/deborah/Desktop/cppCodes/PhaseField/03PhaseFieldCpp/CMakeFiles/CMakeTmp'
Building C object CMakeFiles/cmTC_b9725.dir/src.c.o
/usr/bin/cc -DMULTIPASS_TEST_4_petsc_works_allincludes -I/home/deborah/petsc/include -I/home/deborah/petsc/arch-linux2-c-opt/include -I/home/deborah/mpich/include  -o CMakeFiles/cmTC_b9725.dir/src.c.o -c /home/deborah/Desktop/cppCodes/PhaseField/03PhaseFieldCpp/CMakeFiles/CMakeTmp/src.c
Linking C executable cmTC_b9725
/usr/bin/cmake -E cmake_link_script CMakeFiles/cmTC_b9725.dir/link.txt --verbose=1
/usr/bin/cc -rdynamic CMakeFiles/cmTC_b9725.dir/src.c.o -o cmTC_b9725  -Wl,-rpath,/home/deborah/petsc/arch-linux2-c-opt/lib /home/deborah/petsc/arch-linux2-c-opt/lib/libpetsc.so 
gmake[1]: Leaving directory '/home/deborah/Desktop/cppCodes/PhaseField/03PhaseFieldCpp/CMakeFiles/CMakeTmp'


...and run output:

Return value: 1
Source file was:

static const char help[] = "PETSc test program.";
#include <petscts.h>
int main(int argc,char *argv[]) {
  PetscErrorCode ierr;
  TS ts;
  ierr = PetscInitialize(&argc,&argv,0,help);CHKERRQ(ierr);
  ierr = TSCreate(PETSC_COMM_WORLD,&ts);CHKERRQ(ierr);
  ierr = TSSetFromOptions(ts);CHKERRQ(ierr);
  ierr = TSDestroy(&ts);CHKERRQ(ierr);
  ierr = PetscFinalize();CHKERRQ(ierr);
  return 0;
}

Determining if the function METIS_NodeND exists passed with the following output:
Change Dir: /home/deborah/Desktop/cppCodes/PhaseField/03PhaseFieldCpp/CMakeFiles/CMakeTmp

Run Build Command(s):/usr/bin/gmake -f Makefile cmTC_7c510/fast && /usr/bin/gmake  -f CMakeFiles/cmTC_7c510.dir/build.make CMakeFiles/cmTC_7c510.dir/build
gmake[1]: Entering directory '/home/deborah/Desktop/cppCodes/PhaseField/03PhaseFieldCpp/CMakeFiles/CMakeTmp'
Building C object CMakeFiles/cmTC_7c510.dir/CheckFunctionExists.c.o
/usr/bin/cc   -DCHECK_FUNCTION_EXISTS=METIS_NodeND -o CMakeFiles/cmTC_7c510.dir/CheckFunctionExists.c.o -c /usr/share/cmake-3.22/Modules/CheckFunctionExists.c
Linking C executable cmTC_7c510
/usr/bin/cmake -E cmake_link_script CMakeFiles/cmTC_7c510.dir/link.txt --verbose=1
/usr/bin/cc  -DCHECK_FUNCTION_EXISTS=METIS_NodeND CMakeFiles/cmTC_7c510.dir/CheckFunctionExists.c.o -o cmTC_7c510  -L/usr/lib/x86_64-linux-gnu /usr/lib/x86_64-linux-gnu/libmetis.so -lm 
gmake[1]: Leaving directory '/home/deborah/Desktop/cppCodes/PhaseField/03PhaseFieldCpp/CMakeFiles/CMakeTmp'



Performing C SOURCE FILE Test MULTIPASS_TEST_6_petsc_works_allincludes succeeded with the following compile output:
Change Dir: /home/deborah/Desktop/cppCodes/PhaseField/03PhaseFieldCpp/CMakeFiles/CMakeTmp

Run Build Command(s):/usr/bin/gmake -f Makefile cmTC_edcae/fast && /usr/bin/gmake  -f CMakeFiles/cmTC_edcae.dir/build.make CMakeFiles/cmTC_edcae.dir/build
gmake[1]: Entering directory '/home/deborah/Desktop/cppCodes/PhaseField/03PhaseFieldCpp/CMakeFiles/CMakeTmp'
Building C object CMakeFiles/cmTC_edcae.dir/src.c.o
/usr/bin/cc -DMULTIPASS_TEST_6_petsc_works_allincludes -I/home/deborah/petsc/include -I/home/deborah/petsc/arch-linux2-c-debug/include -I/home/deborah/mpich/include  -o CMakeFiles/cmTC_edcae.dir/src.c.o -c /home/deborah/Desktop/cppCodes/PhaseField/03PhaseFieldCpp/CMakeFiles/CMakeTmp/src.c
Linking C executable cmTC_edcae
/usr/bin/cmake -E cmake_link_script CMakeFiles/cmTC_edcae.dir/link.txt --verbose=1
/usr/bin/cc -rdynamic CMakeFiles/cmTC_edcae.dir/src.c.o -o cmTC_edcae  -Wl,-rpath,/home/deborah/petsc/arch-linux2-c-debug/lib /home/deborah/petsc/arch-linux2-c-debug/lib/libpetsc.so 
gmake[1]: Leaving directory '/home/deborah/Desktop/cppCodes/PhaseField/03PhaseFieldCpp/CMakeFiles/CMakeTmp'


...and run output:

Return value: 1
Source file was:

static const char help[] = "PETSc test program.";
#include <petscts.h>
int main(int argc,char *argv[]) {
  PetscErrorCode ierr;
  TS ts;
  ierr = PetscInitialize(&argc,&argv,0,help);CHKERRQ(ierr);
  ierr = TSCreate(PETSC_COMM_WORLD,&ts);CHKERRQ(ierr);
  ierr = TSSetFromOptions(ts);CHKERRQ(ierr);
  ierr = TSDestroy(&ts);CHKERRQ(ierr);
  ierr = PetscFinalize();CHKERRQ(ierr);
  return 0;
}

Determining if the function METIS_NodeND exists passed with the following output:
Change Dir: /home/deborah/Desktop/cppCodes/PhaseField/03PhaseFieldCpp/CMakeFiles/CMakeTmp

Run Build Command(s):/usr/bin/gmake -f Makefile cmTC_69824/fast && /usr/bin/gmake  -f CMakeFiles/cmTC_69824.dir/build.make CMakeFiles/cmTC_69824.dir/build
gmake[1]: Entering directory '/home/deborah/Desktop/cppCodes/PhaseField/03PhaseFieldCpp/CMakeFiles/CMakeTmp'
Building C object CMakeFiles/cmTC_69824.dir/CheckFunctionExists.c.o
/usr/bin/cc   -DCHECK_FUNCTION_EXISTS=METIS_NodeND -o CMakeFiles/cmTC_69824.dir/CheckFunctionExists.c.o -c /usr/share/cmake-3.22/Modules/CheckFunctionExists.c
Linking C executable cmTC_69824
/usr/bin/cmake -E cmake_link_script CMakeFiles/cmTC_69824.dir/link.txt --verbose=1
/usr/bin/cc  -DCHECK_FUNCTION_EXISTS=METIS_NodeND CMakeFiles/cmTC_69824.dir/CheckFunctionExists.c.o -o cmTC_69824  -L/usr/lib/x86_64-linux-gnu /usr/lib/x86_64-linux-gnu/libmetis.so -lm 
gmake[1]: Leaving directory '/home/deborah/Desktop/cppCodes/PhaseField/03PhaseFieldCpp/CMakeFiles/CMakeTmp'



Determining if the function METIS_NodeND exists passed with the following output:
Change Dir: /home/deborah/Desktop/cppCodes/PhaseField/03PhaseFieldCpp/CMakeFiles/CMakeTmp

Run Build Command(s):/usr/bin/gmake -f Makefile cmTC_fc4e0/fast && /usr/bin/gmake  -f CMakeFiles/cmTC_fc4e0.dir/build.make CMakeFiles/cmTC_fc4e0.dir/build
gmake[1]: Entering directory '/home/deborah/Desktop/cppCodes/PhaseField/03PhaseFieldCpp/CMakeFiles/CMakeTmp'
Building C object CMakeFiles/cmTC_fc4e0.dir/CheckFunctionExists.c.o
/usr/bin/cc   -DCHECK_FUNCTION_EXISTS=METIS_NodeND -o CMakeFiles/cmTC_fc4e0.dir/CheckFunctionExists.c.o -c /usr/share/cmake-3.22/Modules/CheckFunctionExists.c
Linking C executable cmTC_fc4e0
/usr/bin/cmake -E cmake_link_script CMakeFiles/cmTC_fc4e0.dir/link.txt --verbose=1
/usr/bin/cc  -DCHECK_FUNCTION_EXISTS=METIS_NodeND CMakeFiles/cmTC_fc4e0.dir/CheckFunctionExists.c.o -o cmTC_fc4e0  -L/usr/lib/x86_64-linux-gnu /usr/lib/x86_64-linux-gnu/libmetis.so -lm 
gmake[1]: Leaving directory '/home/deborah/Desktop/cppCodes/PhaseField/03PhaseFieldCpp/CMakeFiles/CMakeTmp'



Performing C SOURCE FILE Test MULTIPASS_TEST_8_petsc_works_allincludes succeeded with the following compile output:
Change Dir: /home/deborah/Desktop/cppCodes/PhaseField/03PhaseFieldCpp/CMakeFiles/CMakeTmp

Run Build Command(s):/usr/bin/gmake -f Makefile cmTC_171f9/fast && /usr/bin/gmake  -f CMakeFiles/cmTC_171f9.dir/build.make CMakeFiles/cmTC_171f9.dir/build
gmake[1]: Entering directory '/home/deborah/Desktop/cppCodes/PhaseField/03PhaseFieldCpp/CMakeFiles/CMakeTmp'
Building C object CMakeFiles/cmTC_171f9.dir/src.c.o
/usr/bin/cc -DMULTIPASS_TEST_8_petsc_works_allincludes -I/home/deborah/petsc/include -I/home/deborah/petsc/arch-linux2-c-opt/include -I/home/deborah/mpich/include  -o CMakeFiles/cmTC_171f9.dir/src.c.o -c /home/deborah/Desktop/cppCodes/PhaseField/03PhaseFieldCpp/CMakeFiles/CMakeTmp/src.c
Linking C executable cmTC_171f9
/usr/bin/cmake -E cmake_link_script CMakeFiles/cmTC_171f9.dir/link.txt --verbose=1
/usr/bin/cc -rdynamic CMakeFiles/cmTC_171f9.dir/src.c.o -o cmTC_171f9  -Wl,-rpath,/home/deborah/petsc/arch-linux2-c-opt/lib /home/deborah/petsc/arch-linux2-c-opt/lib/libpetsc.so 
gmake[1]: Leaving directory '/home/deborah/Desktop/cppCodes/PhaseField/03PhaseFieldCpp/CMakeFiles/CMakeTmp'


...and run output:

Return value: 1
Source file was:

static const char help[] = "PETSc test program.";
#include <petscts.h>
int main(int argc,char *argv[]) {
  PetscErrorCode ierr;
  TS ts;
  ierr = PetscInitialize(&argc,&argv,0,help);CHKERRQ(ierr);
  ierr = TSCreate(PETSC_COMM_WORLD,&ts);CHKERRQ(ierr);
  ierr = TSSetFromOptions(ts);CHKERRQ(ierr);
  ierr = TSDestroy(&ts);CHKERRQ(ierr);
  ierr = PetscFinalize();CHKERRQ(ierr);
  return 0;
}

Determining if the function METIS_NodeND exists passed with the following output:
Change Dir: /home/deborah/Desktop/cppCodes/PhaseField/03PhaseFieldCpp/CMakeFiles/CMakeTmp

Run Build Command(s):/usr/bin/gmake -f Makefile cmTC_08a47/fast && /usr/bin/gmake  -f CMakeFiles/cmTC_08a47.dir/build.make CMakeFiles/cmTC_08a47.dir/build
gmake[1]: Entering directory '/home/deborah/Desktop/cppCodes/PhaseField/03PhaseFieldCpp/CMakeFiles/CMakeTmp'
Building C object CMakeFiles/cmTC_08a47.dir/CheckFunctionExists.c.o
/usr/bin/cc   -DCHECK_FUNCTION_EXISTS=METIS_NodeND -o CMakeFiles/cmTC_08a47.dir/CheckFunctionExists.c.o -c /usr/share/cmake-3.22/Modules/CheckFunctionExists.c
Linking C executable cmTC_08a47
/usr/bin/cmake -E cmake_link_script CMakeFiles/cmTC_08a47.dir/link.txt --verbose=1
/usr/bin/cc  -DCHECK_FUNCTION_EXISTS=METIS_NodeND CMakeFiles/cmTC_08a47.dir/CheckFunctionExists.c.o -o cmTC_08a47  -L/usr/lib/x86_64-linux-gnu /usr/lib/x86_64-linux-gnu/libmetis.so -lm 
gmake[1]: Leaving directory '/home/deborah/Desktop/cppCodes/PhaseField/03PhaseFieldCpp/CMakeFiles/CMakeTmp'



Performing C SOURCE FILE Test MULTIPASS_TEST_10_petsc_works_allincludes succeeded with the following compile output:
Change Dir: /home/deborah/Desktop/cppCodes/PhaseField/03PhaseFieldCpp/CMakeFiles/CMakeTmp

Run Build Command(s):/usr/bin/gmake -f Makefile cmTC_0842f/fast && /usr/bin/gmake  -f CMakeFiles/cmTC_0842f.dir/build.make CMakeFiles/cmTC_0842f.dir/build
gmake[1]: Entering directory '/home/deborah/Desktop/cppCodes/PhaseField/03PhaseFieldCpp/CMakeFiles/CMakeTmp'
Building C object CMakeFiles/cmTC_0842f.dir/src.c.o
/usr/bin/cc -DMULTIPASS_TEST_10_petsc_works_allincludes -I/home/deborah/petsc/include -I/home/deborah/petsc/arch-linux2-c-debug/include -I/home/deborah/mpich/include  -o CMakeFiles/cmTC_0842f.dir/src.c.o -c /home/deborah/Desktop/cppCodes/PhaseField/03PhaseFieldCpp/CMakeFiles/CMakeTmp/src.c
Linking C executable cmTC_0842f
/usr/bin/cmake -E cmake_link_script CMakeFiles/cmTC_0842f.dir/link.txt --verbose=1
/usr/bin/cc -rdynamic CMakeFiles/cmTC_0842f.dir/src.c.o -o cmTC_0842f  -Wl,-rpath,/home/deborah/petsc/arch-linux2-c-debug/lib /home/deborah/petsc/arch-linux2-c-debug/lib/libpetsc.so 
gmake[1]: Leaving directory '/home/deborah/Desktop/cppCodes/PhaseField/03PhaseFieldCpp/CMakeFiles/CMakeTmp'


...and run output:

Return value: 1
Source file was:

static const char help[] = "PETSc test program.";
#include <petscts.h>
int main(int argc,char *argv[]) {
  PetscErrorCode ierr;
  TS ts;
  ierr = PetscInitialize(&argc,&argv,0,help);CHKERRQ(ierr);
  ierr = TSCreate(PETSC_COMM_WORLD,&ts);CHKERRQ(ierr);
  ierr = TSSetFromOptions(ts);CHKERRQ(ierr);
  ierr = TSDestroy(&ts);CHKERRQ(ierr);
  ierr = PetscFinalize();CHKERRQ(ierr);
  return 0;
}

Determining if the function METIS_NodeND exists passed with the following output:
Change Dir: /home/deborah/Desktop/cppCodes/PhaseField/03PhaseFieldCpp/CMakeFiles/CMakeTmp

Run Build Command(s):/usr/bin/gmake -f Makefile cmTC_0ad7d/fast && /usr/bin/gmake  -f CMakeFiles/cmTC_0ad7d.dir/build.make CMakeFiles/cmTC_0ad7d.dir/build
gmake[1]: Entering directory '/home/deborah/Desktop/cppCodes/PhaseField/03PhaseFieldCpp/CMakeFiles/CMakeTmp'
Building C object CMakeFiles/cmTC_0ad7d.dir/CheckFunctionExists.c.o
/usr/bin/cc   -DCHECK_FUNCTION_EXISTS=METIS_NodeND -o CMakeFiles/cmTC_0ad7d.dir/CheckFunctionExists.c.o -c /usr/share/cmake-3.22/Modules/CheckFunctionExists.c
Linking C executable cmTC_0ad7d
/usr/bin/cmake -E cmake_link_script CMakeFiles/cmTC_0ad7d.dir/link.txt --verbose=1
/usr/bin/cc  -DCHECK_FUNCTION_EXISTS=METIS_NodeND CMakeFiles/cmTC_0ad7d.dir/CheckFunctionExists.c.o -o cmTC_0ad7d  -L/usr/lib/x86_64-linux-gnu /usr/lib/x86_64-linux-gnu/libmetis.so -lm 
gmake[1]: Leaving directory '/home/deborah/Desktop/cppCodes/PhaseField/03PhaseFieldCpp/CMakeFiles/CMakeTmp'



Determining if the function METIS_NodeND exists passed with the following output:
Change Dir: /home/deborah/Desktop/cppCodes/PhaseField/03PhaseFieldCpp/CMakeFiles/CMakeTmp

Run Build Command(s):/usr/bin/gmake -f Makefile cmTC_a143d/fast && /usr/bin/gmake  -f CMakeFiles/cmTC_a143d.dir/build.make CMakeFiles/cmTC_a143d.dir/build
gmake[1]: Entering directory '/home/deborah/Desktop/cppCodes/PhaseField/03PhaseFieldCpp/CMakeFiles/CMakeTmp'
Building C object CMakeFiles/cmTC_a143d.dir/CheckFunctionExists.c.o
/usr/bin/cc   -DCHECK_FUNCTION_EXISTS=METIS_NodeND -o CMakeFiles/cmTC_a143d.dir/CheckFunctionExists.c.o -c /usr/share/cmake-3.22/Modules/CheckFunctionExists.c
Linking C executable cmTC_a143d
/usr/bin/cmake -E cmake_link_script CMakeFiles/cmTC_a143d.dir/link.txt --verbose=1
/usr/bin/cc  -DCHECK_FUNCTION_EXISTS=METIS_NodeND CMakeFiles/cmTC_a143d.dir/CheckFunctionExists.c.o -o cmTC_a143d  -L/usr/lib/x86_64-linux-gnu /usr/lib/x86_64-linux-gnu/libmetis.so -lm 
gmake[1]: Leaving directory '/home/deborah/Desktop/cppCodes/PhaseField/03PhaseFieldCpp/CMakeFiles/CMakeTmp'



Determining if the function METIS_NodeND exists passed with the following output:
Change Dir: /home/deborah/Desktop/cppCodes/PhaseField/03PhaseFieldCpp/CMakeFiles/CMakeTmp

Run Build Command(s):/usr/bin/gmake -f Makefile cmTC_bf492/fast && /usr/bin/gmake  -f CMakeFiles/cmTC_bf492.dir/build.make CMakeFiles/cmTC_bf492.dir/build
gmake[1]: Entering directory '/home/deborah/Desktop/cppCodes/PhaseField/03PhaseFieldCpp/CMakeFiles/CMakeTmp'
Building C object CMakeFiles/cmTC_bf492.dir/CheckFunctionExists.c.o
/usr/bin/cc   -DCHECK_FUNCTION_EXISTS=METIS_NodeND -o CMakeFiles/cmTC_bf492.dir/CheckFunctionExists.c.o -c /usr/share/cmake-3.22/Modules/CheckFunctionExists.c
Linking C executable cmTC_bf492
/usr/bin/cmake -E cmake_link_script CMakeFiles/cmTC_bf492.dir/link.txt --verbose=1
/usr/bin/cc  -DCHECK_FUNCTION_EXISTS=METIS_NodeND CMakeFiles/cmTC_bf492.dir/CheckFunctionExists.c.o -o cmTC_bf492  -L/usr/lib/x86_64-linux-gnu /usr/lib/x86_64-linux-gnu/libmetis.so -lm 
gmake[1]: Leaving directory '/home/deborah/Desktop/cppCodes/PhaseField/03PhaseFieldCpp/CMakeFiles/CMakeTmp'



Determining if the function METIS_NodeND exists passed with the following output:
Change Dir: /home/deborah/Desktop/cppCodes/PhaseField/03PhaseFieldCpp/CMakeFiles/CMakeTmp

Run Build Command(s):/usr/bin/gmake -f Makefile cmTC_0ab34/fast && /usr/bin/gmake  -f CMakeFiles/cmTC_0ab34.dir/build.make CMakeFiles/cmTC_0ab34.dir/build
gmake[1]: Entering directory '/home/deborah/Desktop/cppCodes/PhaseField/03PhaseFieldCpp/CMakeFiles/CMakeTmp'
Building C object CMakeFiles/cmTC_0ab34.dir/CheckFunctionExists.c.o
/usr/bin/cc   -DCHECK_FUNCTION_EXISTS=METIS_NodeND -o CMakeFiles/cmTC_0ab34.dir/CheckFunctionExists.c.o -c /usr/share/cmake-3.22/Modules/CheckFunctionExists.c
Linking C executable cmTC_0ab34
/usr/bin/cmake -E cmake_link_script CMakeFiles/cmTC_0ab34.dir/link.txt --verbose=1
/usr/bin/cc  -DCHECK_FUNCTION_EXISTS=METIS_NodeND CMakeFiles/cmTC_0ab34.dir/CheckFunctionExists.c.o -o cmTC_0ab34  -L/usr/lib/x86_64-linux-gnu /usr/lib/x86_64-linux-gnu/libmetis.so -lm 
gmake[1]: Leaving directory '/home/deborah/Desktop/cppCodes/PhaseField/03PhaseFieldCpp/CMakeFiles/CMakeTmp'



Determining if the function METIS_NodeND exists passed with the following output:
Change Dir: /home/deborah/Desktop/cppCodes/PhaseField/03PhaseFieldCpp/CMakeFiles/CMakeTmp

Run Build Command(s):/usr/bin/gmake -f Makefile cmTC_5666e/fast && /usr/bin/gmake  -f CMakeFiles/cmTC_5666e.dir/build.make CMakeFiles/cmTC_5666e.dir/build
gmake[1]: Entering directory '/home/deborah/Desktop/cppCodes/PhaseField/03PhaseFieldCpp/CMakeFiles/CMakeTmp'
Building C object CMakeFiles/cmTC_5666e.dir/CheckFunctionExists.c.o
/usr/bin/cc   -DCHECK_FUNCTION_EXISTS=METIS_NodeND -o CMakeFiles/cmTC_5666e.dir/CheckFunctionExists.c.o -c /usr/share/cmake-3.22/Modules/CheckFunctionExists.c
Linking C executable cmTC_5666e
/usr/bin/cmake -E cmake_link_script CMakeFiles/cmTC_5666e.dir/link.txt --verbose=1
/usr/bin/cc  -DCHECK_FUNCTION_EXISTS=METIS_NodeND CMakeFiles/cmTC_5666e.dir/CheckFunctionExists.c.o -o cmTC_5666e  -L/usr/lib/x86_64-linux-gnu /usr/lib/x86_64-linux-gnu/libmetis.so -lm 
gmake[1]: Leaving directory '/home/deborah/Desktop/cppCodes/PhaseField/03PhaseFieldCpp/CMakeFiles/CMakeTmp'



Determining if the function METIS_NodeND exists passed with the following output:
Change Dir: /home/deborah/Desktop/cppCodes/PhaseField/03PhaseFieldCpp/CMakeFiles/CMakeTmp

Run Build Command(s):/usr/bin/gmake -f Makefile cmTC_acaf1/fast && /usr/bin/gmake  -f CMakeFiles/cmTC_acaf1.dir/build.make CMakeFiles/cmTC_acaf1.dir/build
gmake[1]: Entering directory '/home/deborah/Desktop/cppCodes/PhaseField/03PhaseFieldCpp/CMakeFiles/CMakeTmp'
Building C object CMakeFiles/cmTC_acaf1.dir/CheckFunctionExists.c.o
/usr/bin/cc   -DCHECK_FUNCTION_EXISTS=METIS_NodeND -o CMakeFiles/cmTC_acaf1.dir/CheckFunctionExists.c.o -c /usr/share/cmake-3.22/Modules/CheckFunctionExists.c
Linking C executable cmTC_acaf1
/usr/bin/cmake -E cmake_link_script CMakeFiles/cmTC_acaf1.dir/link.txt --verbose=1
/usr/bin/cc  -DCHECK_FUNCTION_EXISTS=METIS_NodeND CMakeFiles/cmTC_acaf1.dir/CheckFunctionExists.c.o -o cmTC_acaf1  -L/usr/lib/x86_64-linux-gnu /usr/lib/x86_64-linux-gnu/libmetis.so -lm 
gmake[1]: Leaving directory '/home/deborah/Desktop/cppCodes/PhaseField/03PhaseFieldCpp/CMakeFiles/CMakeTmp'



