Performing C SOURCE FILE Test MULTIPASS_TEST_1_petsc_works_minimal failed with the following compile output:
Change Dir: /home/acer/cppCodes/PhaseField/build/CMakeFiles/CMakeTmp

Run Build Command(s):/usr/bin/gmake -f Makefile cmTC_2c5c9/fast && /usr/bin/gmake  -f CMakeFiles/cmTC_2c5c9.dir/build.make CMakeFiles/cmTC_2c5c9.dir/build
gmake[1]: Entrando no diretório '/home/acer/cppCodes/PhaseField/build/CMakeFiles/CMakeTmp'
Building C object CMakeFiles/cmTC_2c5c9.dir/src.c.o
/usr/bin/gcc -DMULTIPASS_TEST_1_petsc_works_minimal -I/home/acer/petsc/petsc-3.21.4/arch-linux2-c-opt/include -I/home/acer/petsc/petsc-3.21.4/include  -o CMakeFiles/cmTC_2c5c9.dir/src.c.o -c /home/acer/cppCodes/PhaseField/build/CMakeFiles/CMakeTmp/src.c
In file included from /home/acer/petsc/petsc-3.21.4/include/petscvec.h:8,
                 from /home/acer/petsc/petsc-3.21.4/include/petscmat.h:6,
                 from /home/acer/petsc/petsc-3.21.4/include/petscpc.h:6,
                 from /home/acer/petsc/petsc-3.21.4/include/petscksp.h:6,
                 from /home/acer/petsc/petsc-3.21.4/include/petscsnes.h:6,
                 from /home/acer/petsc/petsc-3.21.4/include/petscts.h:7,
                 from /home/acer/cppCodes/PhaseField/build/CMakeFiles/CMakeTmp/src.c:3:
/home/acer/petsc/petsc-3.21.4/include/petscsys.h:65:12: fatal error: mpi.h: Arquivo ou diretório inexistente
   65 |   #include <mpi.h>
      |            ^~~~~~~
compilation terminated.
gmake[1]: *** [CMakeFiles/cmTC_2c5c9.dir/build.make:78: CMakeFiles/cmTC_2c5c9.dir/src.c.o] Erro 1
gmake[1]: Saindo do diretório '/home/acer/cppCodes/PhaseField/build/CMakeFiles/CMakeTmp'
gmake: *** [Makefile:127: cmTC_2c5c9/fast] Erro 2


...and run output:

Return value: 1
Source file was:

static const char help[] = "PETSc test program.";
#include <petscts.h>
int main(int argc,char *argv[]) {
  PetscErrorCode ierr;
  TS ts;
  ierr = PetscInitialize(&argc,&argv,0,help);CHKERRQ(ierr);
  ierr = TSCreate(PETSC_COMM_WORLD,&ts);CHKERRQ(ierr);
  ierr = TSSetFromOptions(ts);CHKERRQ(ierr);
  ierr = TSDestroy(&ts);CHKERRQ(ierr);
  ierr = PetscFinalize();CHKERRQ(ierr);
  return 0;
}

Performing C SOURCE FILE Test MULTIPASS_TEST_3_petsc_works_minimal failed with the following compile output:
Change Dir: /home/acer/cppCodes/PhaseField/build/CMakeFiles/CMakeTmp

Run Build Command(s):/usr/bin/gmake -f Makefile cmTC_0e649/fast && /usr/bin/gmake  -f CMakeFiles/cmTC_0e649.dir/build.make CMakeFiles/cmTC_0e649.dir/build
gmake[1]: Entrando no diretório '/home/acer/cppCodes/PhaseField/build/CMakeFiles/CMakeTmp'
Building C object CMakeFiles/cmTC_0e649.dir/src.c.o
/usr/bin/gcc -DMULTIPASS_TEST_3_petsc_works_minimal -I/home/acer/petsc/petsc-3.21.4/arch-linux2-c-opt/include -I/home/acer/petsc/petsc-3.21.4/include  -o CMakeFiles/cmTC_0e649.dir/src.c.o -c /home/acer/cppCodes/PhaseField/build/CMakeFiles/CMakeTmp/src.c
In file included from /home/acer/petsc/petsc-3.21.4/include/petscvec.h:8,
                 from /home/acer/petsc/petsc-3.21.4/include/petscmat.h:6,
                 from /home/acer/petsc/petsc-3.21.4/include/petscpc.h:6,
                 from /home/acer/petsc/petsc-3.21.4/include/petscksp.h:6,
                 from /home/acer/petsc/petsc-3.21.4/include/petscsnes.h:6,
                 from /home/acer/petsc/petsc-3.21.4/include/petscts.h:7,
                 from /home/acer/cppCodes/PhaseField/build/CMakeFiles/CMakeTmp/src.c:3:
/home/acer/petsc/petsc-3.21.4/include/petscsys.h:65:12: fatal error: mpi.h: Arquivo ou diretório inexistente
   65 |   #include <mpi.h>
      |            ^~~~~~~
compilation terminated.
gmake[1]: *** [CMakeFiles/cmTC_0e649.dir/build.make:78: CMakeFiles/cmTC_0e649.dir/src.c.o] Erro 1
gmake[1]: Saindo do diretório '/home/acer/cppCodes/PhaseField/build/CMakeFiles/CMakeTmp'
gmake: *** [Makefile:127: cmTC_0e649/fast] Erro 2


...and run output:

Return value: 1
Source file was:

static const char help[] = "PETSc test program.";
#include <petscts.h>
int main(int argc,char *argv[]) {
  PetscErrorCode ierr;
  TS ts;
  ierr = PetscInitialize(&argc,&argv,0,help);CHKERRQ(ierr);
  ierr = TSCreate(PETSC_COMM_WORLD,&ts);CHKERRQ(ierr);
  ierr = TSSetFromOptions(ts);CHKERRQ(ierr);
  ierr = TSDestroy(&ts);CHKERRQ(ierr);
  ierr = PetscFinalize();CHKERRQ(ierr);
  return 0;
}

